{"/home/travis/build/kaizhu256/node-swagger-validate-lite/test.js":{"path":"/home/travis/build/kaizhu256/node-swagger-validate-lite/test.js","s":{"1":2,"2":2,"3":2,"4":2,"5":2,"6":2,"7":2,"8":2,"9":0,"10":0,"11":0,"12":0,"13":0,"14":0,"15":0,"16":0,"17":0,"18":2,"19":2,"20":2,"21":2,"22":2,"23":0,"24":0,"25":0,"26":0,"27":0,"28":2,"29":0,"30":2,"31":0,"32":2,"33":0,"34":2,"35":0,"36":0,"37":0,"38":0,"39":2,"40":1,"41":1,"42":1,"43":1,"44":1,"45":1,"46":1,"47":1,"48":1,"49":1,"50":1,"51":1,"52":1,"53":1,"54":1,"55":1,"56":1,"57":1,"58":1,"59":1,"60":1,"61":1,"62":1,"63":1,"64":1,"65":1,"66":1,"67":2,"68":2,"69":2,"70":2,"71":2,"72":2,"73":2,"74":2,"75":1,"76":1,"77":1,"78":1},"b":{"1":[0,2],"2":[2,1,1,1,1],"3":[0,0],"4":[0,0],"5":[0,0,0],"6":[0,0],"7":[0,0],"8":[0,0],"9":[0,0,0],"10":[0,0],"11":[1,1],"12":[2,1],"13":[1,1]},"f":{"1":2,"2":2,"3":0,"4":0,"5":0,"6":0,"7":0,"8":0,"9":0,"10":2,"11":2,"12":2,"13":2},"fnMap":{"1":{"name":"(anonymous_1)","line":4,"loc":{"start":{"line":4,"column":1},"end":{"line":4,"column":23}},"skip":true},"2":{"name":"(anonymous_2)","line":9,"loc":{"start":{"line":9,"column":5},"end":{"line":9,"column":17}},"skip":true},"3":{"name":"(anonymous_3)","line":18,"loc":{"start":{"line":18,"column":41},"end":{"line":18,"column":53}},"skip":true},"4":{"name":"(anonymous_4)","line":47,"loc":{"start":{"line":47,"column":24},"end":{"line":47,"column":51}},"skip":true},"5":{"name":"(anonymous_5)","line":74,"loc":{"start":{"line":74,"column":26},"end":{"line":74,"column":41}},"skip":true},"6":{"name":"(anonymous_6)","line":82,"loc":{"start":{"line":82,"column":21},"end":{"line":82,"column":38}},"skip":true},"7":{"name":"(anonymous_7)","line":88,"loc":{"start":{"line":88,"column":16},"end":{"line":88,"column":28}},"skip":true},"8":{"name":"(anonymous_8)","line":94,"loc":{"start":{"line":94,"column":32},"end":{"line":94,"column":58}},"skip":true},"9":{"name":"(anonymous_9)","line":100,"loc":{"start":{"line":100,"column":36},"end":{"line":100,"column":51}},"skip":true},"10":{"name":"(anonymous_10)","line":145,"loc":{"start":{"line":145,"column":1},"end":{"line":145,"column":18}}},"11":{"name":"(anonymous_11)","line":151,"loc":{"start":{"line":151,"column":1},"end":{"line":151,"column":13}}},"12":{"name":"(anonymous_12)","line":164,"loc":{"start":{"line":164,"column":1},"end":{"line":164,"column":13}}},"13":{"name":"(anonymous_13)","line":165,"loc":{"start":{"line":165,"column":37},"end":{"line":165,"column":65}}}},"statementMap":{"1":{"start":{"line":4,"column":0},"end":{"line":141,"column":9},"skip":true},"2":{"start":{"line":6,"column":4},"end":{"line":6,"column":21},"skip":true},"3":{"start":{"line":7,"column":4},"end":{"line":7,"column":14},"skip":true},"4":{"start":{"line":9,"column":4},"end":{"line":13,"column":9},"skip":true},"5":{"start":{"line":10,"column":8},"end":{"line":12,"column":27},"skip":true},"6":{"start":{"line":11,"column":12},"end":{"line":11,"column":51},"skip":true},"7":{"start":{"line":14,"column":4},"end":{"line":14,"column":39},"skip":true},"8":{"start":{"line":16,"column":4},"end":{"line":33,"column":5},"skip":true},"9":{"start":{"line":17,"column":8},"end":{"line":17,"column":37},"skip":true},"10":{"start":{"line":18,"column":8},"end":{"line":32,"column":10},"skip":true},"11":{"start":{"line":23,"column":12},"end":{"line":23,"column":24},"skip":true},"12":{"start":{"line":24,"column":12},"end":{"line":24,"column":44},"skip":true},"13":{"start":{"line":26,"column":12},"end":{"line":26,"column":62},"skip":true},"14":{"start":{"line":27,"column":12},"end":{"line":27,"column":49},"skip":true},"15":{"start":{"line":28,"column":12},"end":{"line":28,"column":49},"skip":true},"16":{"start":{"line":29,"column":12},"end":{"line":29,"column":31},"skip":true},"17":{"start":{"line":31,"column":12},"end":{"line":31,"column":30},"skip":true},"18":{"start":{"line":35,"column":4},"end":{"line":35,"column":15},"skip":true},"19":{"start":{"line":36,"column":4},"end":{"line":36,"column":24},"skip":true},"20":{"start":{"line":37,"column":4},"end":{"line":37,"column":35},"skip":true},"21":{"start":{"line":39,"column":4},"end":{"line":45,"column":6},"skip":true},"22":{"start":{"line":47,"column":4},"end":{"line":73,"column":6},"skip":true},"23":{"start":{"line":51,"column":8},"end":{"line":51,"column":18},"skip":true},"24":{"start":{"line":52,"column":8},"end":{"line":54,"column":9},"skip":true},"25":{"start":{"line":53,"column":12},"end":{"line":53,"column":19},"skip":true},"26":{"start":{"line":55,"column":8},"end":{"line":71,"column":10},"skip":true},"27":{"start":{"line":72,"column":8},"end":{"line":72,"column":20},"skip":true},"28":{"start":{"line":74,"column":4},"end":{"line":81,"column":6},"skip":true},"29":{"start":{"line":80,"column":8},"end":{"line":80,"column":32},"skip":true},"30":{"start":{"line":82,"column":4},"end":{"line":87,"column":6},"skip":true},"31":{"start":{"line":86,"column":8},"end":{"line":86,"column":21},"skip":true},"32":{"start":{"line":88,"column":4},"end":{"line":93,"column":6},"skip":true},"33":{"start":{"line":92,"column":8},"end":{"line":92,"column":15},"skip":true},"34":{"start":{"line":94,"column":4},"end":{"line":110,"column":6},"skip":true},"35":{"start":{"line":100,"column":8},"end":{"line":108,"column":11},"skip":true},"36":{"start":{"line":101,"column":12},"end":{"line":107,"column":13},"skip":true},"37":{"start":{"line":106,"column":16},"end":{"line":106,"column":57},"skip":true},"38":{"start":{"line":109,"column":8},"end":{"line":109,"column":22},"skip":true},"39":{"start":{"line":112,"column":4},"end":{"line":140,"column":5},"skip":true},"40":{"start":{"line":113,"column":8},"end":{"line":113,"column":41},"skip":true},"41":{"start":{"line":114,"column":8},"end":{"line":114,"column":41},"skip":true},"42":{"start":{"line":115,"column":8},"end":{"line":115,"column":55},"skip":true},"43":{"start":{"line":116,"column":8},"end":{"line":116,"column":43},"skip":true},"44":{"start":{"line":117,"column":8},"end":{"line":117,"column":41},"skip":true},"45":{"start":{"line":118,"column":8},"end":{"line":118,"column":39},"skip":true},"46":{"start":{"line":119,"column":8},"end":{"line":119,"column":35},"skip":true},"47":{"start":{"line":120,"column":8},"end":{"line":120,"column":41},"skip":true},"48":{"start":{"line":121,"column":8},"end":{"line":121,"column":41},"skip":true},"49":{"start":{"line":122,"column":8},"end":{"line":122,"column":33},"skip":true},"50":{"start":{"line":123,"column":8},"end":{"line":123,"column":37},"skip":true},"51":{"start":{"line":124,"column":8},"end":{"line":124,"column":39},"skip":true},"52":{"start":{"line":125,"column":8},"end":{"line":125,"column":35},"skip":true},"53":{"start":{"line":126,"column":8},"end":{"line":126,"column":33},"skip":true},"54":{"start":{"line":127,"column":8},"end":{"line":127,"column":37},"skip":true},"55":{"start":{"line":128,"column":8},"end":{"line":128,"column":51},"skip":true},"56":{"start":{"line":129,"column":8},"end":{"line":129,"column":45},"skip":true},"57":{"start":{"line":130,"column":8},"end":{"line":130,"column":37},"skip":true},"58":{"start":{"line":131,"column":8},"end":{"line":131,"column":41},"skip":true},"59":{"start":{"line":132,"column":8},"end":{"line":132,"column":57},"skip":true},"60":{"start":{"line":133,"column":8},"end":{"line":133,"column":41},"skip":true},"61":{"start":{"line":134,"column":8},"end":{"line":134,"column":35},"skip":true},"62":{"start":{"line":135,"column":8},"end":{"line":135,"column":35},"skip":true},"63":{"start":{"line":136,"column":8},"end":{"line":136,"column":35},"skip":true},"64":{"start":{"line":137,"column":8},"end":{"line":137,"column":37},"skip":true},"65":{"start":{"line":138,"column":8},"end":{"line":138,"column":33},"skip":true},"66":{"start":{"line":139,"column":8},"end":{"line":139,"column":37},"skip":true},"67":{"start":{"line":145,"column":0},"end":{"line":187,"column":5}},"68":{"start":{"line":151,"column":0},"end":{"line":159,"column":5}},"69":{"start":{"line":153,"column":0},"end":{"line":155,"column":18}},"70":{"start":{"line":156,"column":0},"end":{"line":156,"column":25}},"71":{"start":{"line":158,"column":0},"end":{"line":158,"column":28}},"72":{"start":{"line":164,"column":0},"end":{"line":183,"column":5}},"73":{"start":{"line":165,"column":0},"end":{"line":182,"column":2}},"74":{"start":{"line":169,"column":4},"end":{"line":172,"column":5}},"75":{"start":{"line":170,"column":8},"end":{"line":170,"column":31}},"76":{"start":{"line":171,"column":8},"end":{"line":171,"column":15}},"77":{"start":{"line":173,"column":4},"end":{"line":180,"column":6}},"78":{"start":{"line":181,"column":4},"end":{"line":181,"column":40}}},"branchMap":{"1":{"line":16,"type":"if","locations":[{"start":{"line":16,"column":4},"end":{"line":16,"column":4},"skip":true},{"start":{"line":16,"column":4},"end":{"line":16,"column":4},"skip":true}]},"2":{"line":40,"type":"binary-expr","locations":[{"start":{"line":40,"column":8},"end":{"line":40,"column":34},"skip":true},{"start":{"line":41,"column":11},"end":{"line":41,"column":32},"skip":true},{"start":{"line":42,"column":11},"end":{"line":42,"column":54},"skip":true},{"start":{"line":43,"column":11},"end":{"line":43,"column":26},"skip":true},{"start":{"line":44,"column":11},"end":{"line":44,"column":62},"skip":true}]},"3":{"line":52,"type":"if","locations":[{"start":{"line":52,"column":8},"end":{"line":52,"column":8},"skip":true},{"start":{"line":52,"column":8},"end":{"line":52,"column":8},"skip":true}]},"4":{"line":57,"type":"cond-expr","locations":[{"start":{"line":63,"column":14},"end":{"line":63,"column":21},"skip":true},{"start":{"line":64,"column":14},"end":{"line":70,"column":13},"skip":true}]},"5":{"line":58,"type":"binary-expr","locations":[{"start":{"line":58,"column":16},"end":{"line":58,"column":23},"skip":true},{"start":{"line":59,"column":19},"end":{"line":59,"column":54},"skip":true},{"start":{"line":60,"column":19},"end":{"line":60,"column":52},"skip":true}]},"6":{"line":65,"type":"cond-expr","locations":[{"start":{"line":67,"column":18},"end":{"line":67,"column":25},"skip":true},{"start":{"line":69,"column":18},"end":{"line":69,"column":50},"skip":true}]},"7":{"line":80,"type":"binary-expr","locations":[{"start":{"line":80,"column":15},"end":{"line":80,"column":18},"skip":true},{"start":{"line":80,"column":22},"end":{"line":80,"column":31},"skip":true}]},"8":{"line":101,"type":"if","locations":[{"start":{"line":101,"column":12},"end":{"line":101,"column":12},"skip":true},{"start":{"line":101,"column":12},"end":{"line":101,"column":12},"skip":true}]},"9":{"line":102,"type":"binary-expr","locations":[{"start":{"line":102,"column":16},"end":{"line":102,"column":36},"skip":true},{"start":{"line":103,"column":19},"end":{"line":103,"column":44},"skip":true},{"start":{"line":104,"column":19},"end":{"line":104,"column":37},"skip":true}]},"10":{"line":106,"type":"binary-expr","locations":[{"start":{"line":106,"column":30},"end":{"line":106,"column":41},"skip":true},{"start":{"line":106,"column":45},"end":{"line":106,"column":56},"skip":true}]},"11":{"line":112,"type":"if","locations":[{"start":{"line":112,"column":4},"end":{"line":112,"column":4},"skip":true},{"start":{"line":112,"column":4},"end":{"line":112,"column":4},"skip":true}]},"12":{"line":154,"type":"binary-expr","locations":[{"start":{"line":154,"column":4},"end":{"line":154,"column":23}},{"start":{"line":154,"column":27},"end":{"line":154,"column":65}}]},"13":{"line":169,"type":"if","locations":[{"start":{"line":169,"column":4},"end":{"line":169,"column":4}},{"start":{"line":169,"column":4},"end":{"line":169,"column":4}}]}},"code":["/* istanbul instrument in package swagger_validate */","/* istanbul ignore next */","/* jslint utility2:true */","(function (globalThis) {","    \"use strict\";","    var consoleError;","    var local;","    // init globalThis","    (function () {","        try {","            globalThis = Function(\"return this\")(); // jslint ignore:line","        } catch (ignore) {}","    }());","    globalThis.globalThis = globalThis;","    // init debug_inline","    if (!globalThis[\"debug\\u0049nline\"]) {","        consoleError = console.error;","        globalThis[\"debug\\u0049nline\"] = function () {","        /*","         * this function will both print <arguments> to stderr","         * and return <arguments>[0]","         */","            var argList;","            argList = Array.from(arguments); // jslint ignore:line","            // debug arguments","            globalThis[\"debug\\u0049nlineArguments\"] = argList;","            consoleError(\"\\n\\ndebug\\u0049nline\");","            consoleError.apply(console, argList);","            consoleError(\"\\n\");","            // return arg0 for inspection","            return argList[0];","        };","    }","    // init local","    local = {};","    local.local = local;","    globalThis.globalLocal = local;","    // init isBrowser","    local.isBrowser = (","        typeof window === \"object\"","        && window === globalThis","        && typeof window.XMLHttpRequest === \"function\"","        && window.document","        && typeof window.document.querySelector === \"function\"","    );","    // init function","    local.assertThrow = function (passed, message) {","    /*","     * this function will throw error <message> if <passed> is falsy","     */","        var error;","        if (passed) {","            return;","        }","        error = (","            // ternary-condition","            (","                message","                && typeof message.message === \"string\"","                && typeof message.stack === \"string\"","            )","            // if message is an error-object, then leave it as is","            ? message","            : new Error(","                typeof message === \"string\"","                // if message is a string, then leave it as is","                ? message","                // else JSON.stringify message","                : JSON.stringify(message, null, 4)","            )","        );","        throw error;","    };","    local.functionOrNop = function (fnc) {","    /*","     * this function will if <fnc> exists,","     * them return <fnc>,","     * else return <nop>","     */","        return fnc || local.nop;","    };","    local.identity = function (value) {","    /*","     * this function will return <value>","     */","        return value;","    };","    local.nop = function () {","    /*","     * this function will do nothing","     */","        return;","    };","    local.objectAssignDefault = function (target, source) {","    /*","     * this function will if items from <target> are","     * null, undefined, or empty-string,","     * then overwrite them with items from <source>","     */","        Object.keys(source).forEach(function (key) {","            if (","                target[key] === null","                || target[key] === undefined","                || target[key] === \"\"","            ) {","                target[key] = target[key] || source[key];","            }","        });","        return target;","    };","    // require builtin","    if (!local.isBrowser) {","        local.assert = require(\"assert\");","        local.buffer = require(\"buffer\");","        local.child_process = require(\"child_process\");","        local.cluster = require(\"cluster\");","        local.crypto = require(\"crypto\");","        local.dgram = require(\"dgram\");","        local.dns = require(\"dns\");","        local.domain = require(\"domain\");","        local.events = require(\"events\");","        local.fs = require(\"fs\");","        local.http = require(\"http\");","        local.https = require(\"https\");","        local.net = require(\"net\");","        local.os = require(\"os\");","        local.path = require(\"path\");","        local.querystring = require(\"querystring\");","        local.readline = require(\"readline\");","        local.repl = require(\"repl\");","        local.stream = require(\"stream\");","        local.string_decoder = require(\"string_decoder\");","        local.timers = require(\"timers\");","        local.tls = require(\"tls\");","        local.tty = require(\"tty\");","        local.url = require(\"url\");","        local.util = require(\"util\");","        local.vm = require(\"vm\");","        local.zlib = require(\"zlib\");","    }","}(this));","","","","(function (local) {","\"use strict\";","","","","// run shared js-env code - init-before","(function () {","// init local","local = (","    globalThis.utility2 || require(\"./assets.utility2.rollup.js\")",").requireReadme();","globalThis.local = local;","// init test","local.testRunDefault(local);","}());","","","","// run shared js-env code - function","(function () {","local.testCase_buildApidoc_default = function (options, onError) {","/*"," * this function will test buildApidoc's default handling-behavior-behavior"," */","    if (local.isBrowser) {","        onError(null, options);","        return;","    }","    options = {","        whitelistDict: {","            swaggerValidate: true,","            swaggerValidateDataParameters: true,","            swaggerValidateDataSchema: true,","            swaggerValidateFile: true","        }","    };","    local.buildApidoc(options, onError);","};","}());","","","","}());",""],"l":{"4":2,"6":2,"7":2,"9":2,"10":2,"11":2,"14":2,"16":2,"17":1,"18":1,"23":1,"24":1,"26":1,"27":1,"28":1,"29":1,"31":1,"35":2,"36":2,"37":2,"39":2,"47":2,"51":1,"52":1,"53":1,"55":1,"72":1,"74":2,"80":1,"82":2,"86":1,"88":2,"92":1,"94":2,"100":1,"101":1,"106":1,"109":1,"112":2,"113":1,"114":1,"115":1,"116":1,"117":1,"118":1,"119":1,"120":1,"121":1,"122":1,"123":1,"124":1,"125":1,"126":1,"127":1,"128":1,"129":1,"130":1,"131":1,"132":1,"133":1,"134":1,"135":1,"136":1,"137":1,"138":1,"139":1,"145":2,"151":2,"153":2,"156":2,"158":2,"164":2,"165":2,"169":2,"170":1,"171":1,"173":1,"181":1}},"/home/travis/build/kaizhu256/node-swagger-validate-lite/lib.swagger_validate.js":{"path":"/home/travis/build/kaizhu256/node-swagger-validate-lite/lib.swagger_validate.js","s":{"1":2,"2":2,"3":2,"4":2,"5":2,"6":2,"7":2,"8":2,"9":0,"10":0,"11":0,"12":0,"13":0,"14":0,"15":0,"16":0,"17":0,"18":2,"19":2,"20":2,"21":2,"22":2,"23":0,"24":0,"25":0,"26":0,"27":0,"28":2,"29":0,"30":2,"31":0,"32":2,"33":0,"34":2,"35":0,"36":0,"37":0,"38":0,"39":2,"40":1,"41":1,"42":1,"43":1,"44":1,"45":1,"46":1,"47":1,"48":1,"49":1,"50":1,"51":1,"52":1,"53":1,"54":1,"55":1,"56":1,"57":1,"58":1,"59":1,"60":1,"61":1,"62":1,"63":1,"64":1,"65":1,"66":1,"67":2,"68":2,"69":2,"70":2,"71":1,"72":1,"73":1,"74":2,"75":2,"76":2,"77":1,"78":1,"79":1,"80":2,"81":2,"82":1,"83":1,"84":1,"85":0,"86":0,"87":1,"88":0},"b":{"1":[0,2],"2":[2,1,1,1,1],"3":[0,0],"4":[0,0],"5":[0,0,0],"6":[0,0],"7":[0,0],"8":[0,0],"9":[0,0,0],"10":[0,0],"11":[1,1],"12":[2,2,0,0],"13":[1,1],"14":[1,1],"15":[1,1],"16":[1,1],"17":[1,1],"18":[0,1],"19":[1,0]},"f":{"1":2,"2":2,"3":0,"4":0,"5":0,"6":0,"7":0,"8":0,"9":0,"10":2,"11":2,"12":2,"13":0,"14":0},"fnMap":{"1":{"name":"(anonymous_1)","line":14,"loc":{"start":{"line":14,"column":1},"end":{"line":14,"column":23}},"skip":true},"2":{"name":"(anonymous_2)","line":19,"loc":{"start":{"line":19,"column":5},"end":{"line":19,"column":17}},"skip":true},"3":{"name":"(anonymous_3)","line":28,"loc":{"start":{"line":28,"column":41},"end":{"line":28,"column":53}},"skip":true},"4":{"name":"(anonymous_4)","line":57,"loc":{"start":{"line":57,"column":24},"end":{"line":57,"column":51}},"skip":true},"5":{"name":"(anonymous_5)","line":84,"loc":{"start":{"line":84,"column":26},"end":{"line":84,"column":41}},"skip":true},"6":{"name":"(anonymous_6)","line":92,"loc":{"start":{"line":92,"column":21},"end":{"line":92,"column":38}},"skip":true},"7":{"name":"(anonymous_7)","line":98,"loc":{"start":{"line":98,"column":16},"end":{"line":98,"column":28}},"skip":true},"8":{"name":"(anonymous_8)","line":104,"loc":{"start":{"line":104,"column":32},"end":{"line":104,"column":58}},"skip":true},"9":{"name":"(anonymous_9)","line":110,"loc":{"start":{"line":110,"column":36},"end":{"line":110,"column":51}},"skip":true},"10":{"name":"(anonymous_10)","line":155,"loc":{"start":{"line":155,"column":1},"end":{"line":155,"column":18}}},"11":{"name":"(anonymous_11)","line":162,"loc":{"start":{"line":162,"column":1},"end":{"line":162,"column":13}},"skip":true},"12":{"name":"(anonymous_12)","line":201,"loc":{"start":{"line":201,"column":1},"end":{"line":201,"column":13}},"skip":true},"13":{"name":"(anonymous_13)","line":208,"loc":{"start":{"line":208,"column":25},"end":{"line":208,"column":37}},"skip":true},"14":{"name":"(anonymous_14)","line":215,"loc":{"start":{"line":215,"column":7},"end":{"line":215,"column":24}},"skip":true}},"statementMap":{"1":{"start":{"line":14,"column":0},"end":{"line":151,"column":9},"skip":true},"2":{"start":{"line":16,"column":4},"end":{"line":16,"column":21},"skip":true},"3":{"start":{"line":17,"column":4},"end":{"line":17,"column":14},"skip":true},"4":{"start":{"line":19,"column":4},"end":{"line":23,"column":9},"skip":true},"5":{"start":{"line":20,"column":8},"end":{"line":22,"column":27},"skip":true},"6":{"start":{"line":21,"column":12},"end":{"line":21,"column":51},"skip":true},"7":{"start":{"line":24,"column":4},"end":{"line":24,"column":39},"skip":true},"8":{"start":{"line":26,"column":4},"end":{"line":43,"column":5},"skip":true},"9":{"start":{"line":27,"column":8},"end":{"line":27,"column":37},"skip":true},"10":{"start":{"line":28,"column":8},"end":{"line":42,"column":10},"skip":true},"11":{"start":{"line":33,"column":12},"end":{"line":33,"column":24},"skip":true},"12":{"start":{"line":34,"column":12},"end":{"line":34,"column":44},"skip":true},"13":{"start":{"line":36,"column":12},"end":{"line":36,"column":62},"skip":true},"14":{"start":{"line":37,"column":12},"end":{"line":37,"column":49},"skip":true},"15":{"start":{"line":38,"column":12},"end":{"line":38,"column":49},"skip":true},"16":{"start":{"line":39,"column":12},"end":{"line":39,"column":31},"skip":true},"17":{"start":{"line":41,"column":12},"end":{"line":41,"column":30},"skip":true},"18":{"start":{"line":45,"column":4},"end":{"line":45,"column":15},"skip":true},"19":{"start":{"line":46,"column":4},"end":{"line":46,"column":24},"skip":true},"20":{"start":{"line":47,"column":4},"end":{"line":47,"column":35},"skip":true},"21":{"start":{"line":49,"column":4},"end":{"line":55,"column":6},"skip":true},"22":{"start":{"line":57,"column":4},"end":{"line":83,"column":6},"skip":true},"23":{"start":{"line":61,"column":8},"end":{"line":61,"column":18},"skip":true},"24":{"start":{"line":62,"column":8},"end":{"line":64,"column":9},"skip":true},"25":{"start":{"line":63,"column":12},"end":{"line":63,"column":19},"skip":true},"26":{"start":{"line":65,"column":8},"end":{"line":81,"column":10},"skip":true},"27":{"start":{"line":82,"column":8},"end":{"line":82,"column":20},"skip":true},"28":{"start":{"line":84,"column":4},"end":{"line":91,"column":6},"skip":true},"29":{"start":{"line":90,"column":8},"end":{"line":90,"column":32},"skip":true},"30":{"start":{"line":92,"column":4},"end":{"line":97,"column":6},"skip":true},"31":{"start":{"line":96,"column":8},"end":{"line":96,"column":21},"skip":true},"32":{"start":{"line":98,"column":4},"end":{"line":103,"column":6},"skip":true},"33":{"start":{"line":102,"column":8},"end":{"line":102,"column":15},"skip":true},"34":{"start":{"line":104,"column":4},"end":{"line":120,"column":6},"skip":true},"35":{"start":{"line":110,"column":8},"end":{"line":118,"column":11},"skip":true},"36":{"start":{"line":111,"column":12},"end":{"line":117,"column":13},"skip":true},"37":{"start":{"line":116,"column":16},"end":{"line":116,"column":57},"skip":true},"38":{"start":{"line":119,"column":8},"end":{"line":119,"column":22},"skip":true},"39":{"start":{"line":122,"column":4},"end":{"line":150,"column":5},"skip":true},"40":{"start":{"line":123,"column":8},"end":{"line":123,"column":41},"skip":true},"41":{"start":{"line":124,"column":8},"end":{"line":124,"column":41},"skip":true},"42":{"start":{"line":125,"column":8},"end":{"line":125,"column":55},"skip":true},"43":{"start":{"line":126,"column":8},"end":{"line":126,"column":43},"skip":true},"44":{"start":{"line":127,"column":8},"end":{"line":127,"column":41},"skip":true},"45":{"start":{"line":128,"column":8},"end":{"line":128,"column":39},"skip":true},"46":{"start":{"line":129,"column":8},"end":{"line":129,"column":35},"skip":true},"47":{"start":{"line":130,"column":8},"end":{"line":130,"column":41},"skip":true},"48":{"start":{"line":131,"column":8},"end":{"line":131,"column":41},"skip":true},"49":{"start":{"line":132,"column":8},"end":{"line":132,"column":33},"skip":true},"50":{"start":{"line":133,"column":8},"end":{"line":133,"column":37},"skip":true},"51":{"start":{"line":134,"column":8},"end":{"line":134,"column":39},"skip":true},"52":{"start":{"line":135,"column":8},"end":{"line":135,"column":35},"skip":true},"53":{"start":{"line":136,"column":8},"end":{"line":136,"column":33},"skip":true},"54":{"start":{"line":137,"column":8},"end":{"line":137,"column":37},"skip":true},"55":{"start":{"line":138,"column":8},"end":{"line":138,"column":51},"skip":true},"56":{"start":{"line":139,"column":8},"end":{"line":139,"column":45},"skip":true},"57":{"start":{"line":140,"column":8},"end":{"line":140,"column":37},"skip":true},"58":{"start":{"line":141,"column":8},"end":{"line":141,"column":41},"skip":true},"59":{"start":{"line":142,"column":8},"end":{"line":142,"column":57},"skip":true},"60":{"start":{"line":143,"column":8},"end":{"line":143,"column":41},"skip":true},"61":{"start":{"line":144,"column":8},"end":{"line":144,"column":35},"skip":true},"62":{"start":{"line":145,"column":8},"end":{"line":145,"column":35},"skip":true},"63":{"start":{"line":146,"column":8},"end":{"line":146,"column":35},"skip":true},"64":{"start":{"line":147,"column":8},"end":{"line":147,"column":37},"skip":true},"65":{"start":{"line":148,"column":8},"end":{"line":148,"column":33},"skip":true},"66":{"start":{"line":149,"column":8},"end":{"line":149,"column":37},"skip":true},"67":{"start":{"line":155,"column":0},"end":{"line":228,"column":5}},"68":{"start":{"line":162,"column":0},"end":{"line":195,"column":5},"skip":true},"69":{"start":{"line":164,"column":0},"end":{"line":169,"column":2},"skip":true},"70":{"start":{"line":171,"column":0},"end":{"line":176,"column":1},"skip":true},"71":{"start":{"line":172,"column":4},"end":{"line":172,"column":49},"skip":true},"72":{"start":{"line":174,"column":4},"end":{"line":174,"column":27},"skip":true},"73":{"start":{"line":175,"column":4},"end":{"line":175,"column":41},"skip":true},"74":{"start":{"line":178,"column":0},"end":{"line":178,"column":31},"skip":true},"75":{"start":{"line":183,"column":0},"end":{"line":187,"column":3},"skip":true},"76":{"start":{"line":189,"column":0},"end":{"line":194,"column":1},"skip":true},"77":{"start":{"line":190,"column":4},"end":{"line":190,"column":46},"skip":true},"78":{"start":{"line":192,"column":4},"end":{"line":192,"column":27},"skip":true},"79":{"start":{"line":193,"column":4},"end":{"line":193,"column":41},"skip":true},"80":{"start":{"line":201,"column":0},"end":{"line":224,"column":5},"skip":true},"81":{"start":{"line":202,"column":0},"end":{"line":204,"column":1},"skip":true},"82":{"start":{"line":203,"column":4},"end":{"line":203,"column":11},"skip":true},"83":{"start":{"line":206,"column":0},"end":{"line":206,"column":19},"skip":true},"84":{"start":{"line":208,"column":0},"end":{"line":218,"column":2},"skip":true},"85":{"start":{"line":213,"column":4},"end":{"line":217,"column":7},"skip":true},"86":{"start":{"line":216,"column":8},"end":{"line":216,"column":37},"skip":true},"87":{"start":{"line":221,"column":0},"end":{"line":223,"column":1},"skip":true},"88":{"start":{"line":222,"column":4},"end":{"line":222,"column":19},"skip":true}},"branchMap":{"1":{"line":26,"type":"if","locations":[{"start":{"line":26,"column":4},"end":{"line":26,"column":4},"skip":true},{"start":{"line":26,"column":4},"end":{"line":26,"column":4},"skip":true}]},"2":{"line":50,"type":"binary-expr","locations":[{"start":{"line":50,"column":8},"end":{"line":50,"column":34},"skip":true},{"start":{"line":51,"column":11},"end":{"line":51,"column":32},"skip":true},{"start":{"line":52,"column":11},"end":{"line":52,"column":54},"skip":true},{"start":{"line":53,"column":11},"end":{"line":53,"column":26},"skip":true},{"start":{"line":54,"column":11},"end":{"line":54,"column":62},"skip":true}]},"3":{"line":62,"type":"if","locations":[{"start":{"line":62,"column":8},"end":{"line":62,"column":8},"skip":true},{"start":{"line":62,"column":8},"end":{"line":62,"column":8},"skip":true}]},"4":{"line":67,"type":"cond-expr","locations":[{"start":{"line":73,"column":14},"end":{"line":73,"column":21},"skip":true},{"start":{"line":74,"column":14},"end":{"line":80,"column":13},"skip":true}]},"5":{"line":68,"type":"binary-expr","locations":[{"start":{"line":68,"column":16},"end":{"line":68,"column":23},"skip":true},{"start":{"line":69,"column":19},"end":{"line":69,"column":54},"skip":true},{"start":{"line":70,"column":19},"end":{"line":70,"column":52},"skip":true}]},"6":{"line":75,"type":"cond-expr","locations":[{"start":{"line":77,"column":18},"end":{"line":77,"column":25},"skip":true},{"start":{"line":79,"column":18},"end":{"line":79,"column":50},"skip":true}]},"7":{"line":90,"type":"binary-expr","locations":[{"start":{"line":90,"column":15},"end":{"line":90,"column":18},"skip":true},{"start":{"line":90,"column":22},"end":{"line":90,"column":31},"skip":true}]},"8":{"line":111,"type":"if","locations":[{"start":{"line":111,"column":12},"end":{"line":111,"column":12},"skip":true},{"start":{"line":111,"column":12},"end":{"line":111,"column":12},"skip":true}]},"9":{"line":112,"type":"binary-expr","locations":[{"start":{"line":112,"column":16},"end":{"line":112,"column":36},"skip":true},{"start":{"line":113,"column":19},"end":{"line":113,"column":44},"skip":true},{"start":{"line":114,"column":19},"end":{"line":114,"column":37},"skip":true}]},"10":{"line":116,"type":"binary-expr","locations":[{"start":{"line":116,"column":30},"end":{"line":116,"column":41},"skip":true},{"start":{"line":116,"column":45},"end":{"line":116,"column":56},"skip":true}]},"11":{"line":122,"type":"if","locations":[{"start":{"line":122,"column":4},"end":{"line":122,"column":4},"skip":true},{"start":{"line":122,"column":4},"end":{"line":122,"column":4},"skip":true}]},"12":{"line":165,"type":"binary-expr","locations":[{"start":{"line":165,"column":4},"end":{"line":165,"column":30},"skip":true},{"start":{"line":166,"column":7},"end":{"line":166,"column":37},"skip":true},{"start":{"line":167,"column":7},"end":{"line":167,"column":45},"skip":true},{"start":{"line":168,"column":7},"end":{"line":168,"column":29},"skip":true}]},"13":{"line":171,"type":"if","locations":[{"start":{"line":171,"column":0},"end":{"line":171,"column":0},"skip":true},{"start":{"line":171,"column":0},"end":{"line":171,"column":0},"skip":true}]},"14":{"line":184,"type":"cond-expr","locations":[{"start":{"line":185,"column":6},"end":{"line":185,"column":25},"skip":true},{"start":{"line":186,"column":6},"end":{"line":186,"column":74},"skip":true}]},"15":{"line":186,"type":"binary-expr","locations":[{"start":{"line":186,"column":6},"end":{"line":186,"column":32},"skip":true},{"start":{"line":186,"column":36},"end":{"line":186,"column":74},"skip":true}]},"16":{"line":189,"type":"if","locations":[{"start":{"line":189,"column":0},"end":{"line":189,"column":0},"skip":true},{"start":{"line":189,"column":0},"end":{"line":189,"column":0},"skip":true}]},"17":{"line":202,"type":"if","locations":[{"start":{"line":202,"column":0},"end":{"line":202,"column":0},"skip":true},{"start":{"line":202,"column":0},"end":{"line":202,"column":0},"skip":true}]},"18":{"line":221,"type":"if","locations":[{"start":{"line":221,"column":0},"end":{"line":221,"column":0},"skip":true},{"start":{"line":221,"column":0},"end":{"line":221,"column":0},"skip":true}]},"19":{"line":221,"type":"binary-expr","locations":[{"start":{"line":221,"column":4},"end":{"line":221,"column":27},"skip":true},{"start":{"line":221,"column":31},"end":{"line":221,"column":58},"skip":true}]}},"code":["//#!/usr/bin/env node","/*"," * lib.swagger_validate.js (2019.2.12)"," * https://github.com/kaizhu256/node-swagger-validate-lite"," * this zero-dependency package will provide a simple cli-tool to validate swagger.json"," *"," */","","","","/* istanbul instrument in package swagger_validate */","/* istanbul ignore next */","/* jslint utility2:true */","(function (globalThis) {","    \"use strict\";","    var consoleError;","    var local;","    // init globalThis","    (function () {","        try {","            globalThis = Function(\"return this\")(); // jslint ignore:line","        } catch (ignore) {}","    }());","    globalThis.globalThis = globalThis;","    // init debug_inline","    if (!globalThis[\"debug\\u0049nline\"]) {","        consoleError = console.error;","        globalThis[\"debug\\u0049nline\"] = function () {","        /*","         * this function will both print <arguments> to stderr","         * and return <arguments>[0]","         */","            var argList;","            argList = Array.from(arguments); // jslint ignore:line","            // debug arguments","            globalThis[\"debug\\u0049nlineArguments\"] = argList;","            consoleError(\"\\n\\ndebug\\u0049nline\");","            consoleError.apply(console, argList);","            consoleError(\"\\n\");","            // return arg0 for inspection","            return argList[0];","        };","    }","    // init local","    local = {};","    local.local = local;","    globalThis.globalLocal = local;","    // init isBrowser","    local.isBrowser = (","        typeof window === \"object\"","        && window === globalThis","        && typeof window.XMLHttpRequest === \"function\"","        && window.document","        && typeof window.document.querySelector === \"function\"","    );","    // init function","    local.assertThrow = function (passed, message) {","    /*","     * this function will throw error <message> if <passed> is falsy","     */","        var error;","        if (passed) {","            return;","        }","        error = (","            // ternary-condition","            (","                message","                && typeof message.message === \"string\"","                && typeof message.stack === \"string\"","            )","            // if message is an error-object, then leave it as is","            ? message","            : new Error(","                typeof message === \"string\"","                // if message is a string, then leave it as is","                ? message","                // else JSON.stringify message","                : JSON.stringify(message, null, 4)","            )","        );","        throw error;","    };","    local.functionOrNop = function (fnc) {","    /*","     * this function will if <fnc> exists,","     * them return <fnc>,","     * else return <nop>","     */","        return fnc || local.nop;","    };","    local.identity = function (value) {","    /*","     * this function will return <value>","     */","        return value;","    };","    local.nop = function () {","    /*","     * this function will do nothing","     */","        return;","    };","    local.objectAssignDefault = function (target, source) {","    /*","     * this function will if items from <target> are","     * null, undefined, or empty-string,","     * then overwrite them with items from <source>","     */","        Object.keys(source).forEach(function (key) {","            if (","                target[key] === null","                || target[key] === undefined","                || target[key] === \"\"","            ) {","                target[key] = target[key] || source[key];","            }","        });","        return target;","    };","    // require builtin","    if (!local.isBrowser) {","        local.assert = require(\"assert\");","        local.buffer = require(\"buffer\");","        local.child_process = require(\"child_process\");","        local.cluster = require(\"cluster\");","        local.crypto = require(\"crypto\");","        local.dgram = require(\"dgram\");","        local.dns = require(\"dns\");","        local.domain = require(\"domain\");","        local.events = require(\"events\");","        local.fs = require(\"fs\");","        local.http = require(\"http\");","        local.https = require(\"https\");","        local.net = require(\"net\");","        local.os = require(\"os\");","        local.path = require(\"path\");","        local.querystring = require(\"querystring\");","        local.readline = require(\"readline\");","        local.repl = require(\"repl\");","        local.stream = require(\"stream\");","        local.string_decoder = require(\"string_decoder\");","        local.timers = require(\"timers\");","        local.tls = require(\"tls\");","        local.tty = require(\"tty\");","        local.url = require(\"url\");","        local.util = require(\"util\");","        local.vm = require(\"vm\");","        local.zlib = require(\"zlib\");","    }","}(this));","","","","(function (local) {","\"use strict\";","","","","/* istanbul ignore next */","// run shared js-env code - init-before","(function () {","// init local","local = (","    globalThis.utility2_rollup","    || globalThis.utility2_rollup_old","    || require(\"./assets.utility2.rollup.js\")","    || globalThis.globalLocal",");","// init exports","if (local.isBrowser) {","    globalThis.utility2_swagger_validate = local;","} else {","    module.exports = local;","    module.exports.__dirname = __dirname;","}","// init lib main","local.swagger_validate = local;","","","","/* validateLineSortedReset */","Object.assign(local, (","    local.isBrowser","    ? globalThis.utility2","    : globalThis.utility2_rollup || require(\"./assets.utility2.rollup.js\")","));","","if (local.isBrowser) {","    Object.assign(local, globalThis.utility2);","} else {","    module.exports = local;","    module.exports.__dirname = __dirname;","}","}());","","","","// run node js-env code - init-after","/* istanbul ignore next */","(function () {","if (local.isBrowser) {","    return;","}","","local.cliDict = {};","","local.cliDict._default = function () {","/*"," * <file/url>"," * will swagger-validate <file/url>"," */","    local.swaggerValidateFile({","        file: process.argv[2]","    }, function (error) {","        process.exit(Boolean(error));","    });","};","","// run the cli","if (module === require.main && !globalThis.utility2_rollup) {","    local.cliRun();","}","}());","","","","}());",""],"l":{"14":2,"16":2,"17":2,"19":2,"20":2,"21":2,"24":2,"26":2,"27":1,"28":1,"33":1,"34":1,"36":1,"37":1,"38":1,"39":1,"41":1,"45":2,"46":2,"47":2,"49":2,"57":2,"61":1,"62":1,"63":1,"65":1,"82":1,"84":2,"90":1,"92":2,"96":1,"98":2,"102":1,"104":2,"110":1,"111":1,"116":1,"119":1,"122":2,"123":1,"124":1,"125":1,"126":1,"127":1,"128":1,"129":1,"130":1,"131":1,"132":1,"133":1,"134":1,"135":1,"136":1,"137":1,"138":1,"139":1,"140":1,"141":1,"142":1,"143":1,"144":1,"145":1,"146":1,"147":1,"148":1,"149":1,"155":2,"162":2,"164":2,"171":2,"172":1,"174":1,"175":1,"178":2,"183":2,"189":2,"190":1,"192":1,"193":1,"201":2,"202":2,"203":1,"206":1,"208":1,"213":1,"216":1,"221":1,"222":1}},"/home/travis/build/kaizhu256/node-swagger-validate-lite/example.js":{"path":"/home/travis/build/kaizhu256/node-swagger-validate-lite/example.js","s":{"1":2,"2":2,"3":2,"4":2,"5":2,"6":2,"7":2,"8":2,"9":0,"10":0,"11":0,"12":0,"13":0,"14":0,"15":0,"16":0,"17":0,"18":2,"19":2,"20":2,"21":2,"22":2,"23":0,"24":0,"25":0,"26":0,"27":0,"28":2,"29":0,"30":2,"31":0,"32":2,"33":0,"34":2,"35":0,"36":0,"37":0,"38":0,"39":2,"40":1,"41":1,"42":1,"43":1,"44":1,"45":1,"46":1,"47":1,"48":1,"49":1,"50":1,"51":1,"52":1,"53":1,"54":1,"55":1,"56":1,"57":1,"58":1,"59":1,"60":1,"61":1,"62":1,"63":1,"64":1,"65":1,"66":1,"67":2,"68":2,"69":2,"70":2,"71":2,"72":2,"73":1,"74":1,"75":2,"76":2,"77":2,"78":2,"79":2,"80":0,"81":2,"82":2,"83":6,"84":6,"85":6,"86":6,"87":6,"88":1,"89":1,"90":1,"91":1,"92":1,"93":1,"94":1,"95":1,"96":1,"97":0,"98":0,"99":0,"100":0,"101":0,"102":0,"103":0,"104":0,"105":0,"106":0,"107":1,"108":2,"109":2,"110":1,"111":1,"112":1,"113":1,"114":3,"115":3,"116":3,"117":0,"118":1,"119":1,"120":1,"121":6,"122":1,"123":2,"124":0,"125":2,"126":1,"127":1,"128":1,"129":1,"130":1,"131":0,"132":0,"133":0,"134":0,"135":0,"136":0,"137":0,"138":0,"139":0,"140":0,"141":0,"142":0,"143":0,"144":0,"145":0},"b":{"1":[0,2],"2":[2,1,1,1,1],"3":[0,0],"4":[0,0],"5":[0,0,0],"6":[0,0],"7":[0,0],"8":[0,0],"9":[0,0,0],"10":[0,0],"11":[1,1],"12":[2,2,1],"13":[1,1],"14":[0,2],"15":[6,0],"16":[1,1],"17":[0,1,0],"18":[1,1,1,0],"19":[0,0],"20":[1,0],"21":[0,0],"22":[0,0],"23":[0,0],"24":[0,0],"25":[0,0],"26":[1,1],"27":[1,0],"28":[3,1],"29":[0,3],"30":[1,1],"31":[1,2,0,2,1],"32":[1,0],"33":[1,0],"34":[0,0],"35":[0,0],"36":[0,0],"37":[0,0],"38":[0,0],"39":[0,0]},"f":{"1":2,"2":2,"3":0,"4":0,"5":0,"6":0,"7":0,"8":0,"9":0,"10":2,"11":2,"12":2,"13":2,"14":6,"15":6,"16":1,"17":1,"18":2,"19":3,"20":6,"21":0},"fnMap":{"1":{"name":"(anonymous_1)","line":132,"loc":{"start":{"line":132,"column":1},"end":{"line":132,"column":23}},"skip":true},"2":{"name":"(anonymous_2)","line":137,"loc":{"start":{"line":137,"column":5},"end":{"line":137,"column":17}},"skip":true},"3":{"name":"(anonymous_3)","line":146,"loc":{"start":{"line":146,"column":41},"end":{"line":146,"column":53}},"skip":true},"4":{"name":"(anonymous_4)","line":175,"loc":{"start":{"line":175,"column":24},"end":{"line":175,"column":51}},"skip":true},"5":{"name":"(anonymous_5)","line":202,"loc":{"start":{"line":202,"column":26},"end":{"line":202,"column":41}},"skip":true},"6":{"name":"(anonymous_6)","line":210,"loc":{"start":{"line":210,"column":21},"end":{"line":210,"column":38}},"skip":true},"7":{"name":"(anonymous_7)","line":216,"loc":{"start":{"line":216,"column":16},"end":{"line":216,"column":28}},"skip":true},"8":{"name":"(anonymous_8)","line":222,"loc":{"start":{"line":222,"column":32},"end":{"line":222,"column":58}},"skip":true},"9":{"name":"(anonymous_9)","line":228,"loc":{"start":{"line":228,"column":36},"end":{"line":228,"column":51}},"skip":true},"10":{"name":"(anonymous_10)","line":273,"loc":{"start":{"line":273,"column":1},"end":{"line":273,"column":18}}},"11":{"name":"(anonymous_11)","line":279,"loc":{"start":{"line":279,"column":1},"end":{"line":279,"column":13}}},"12":{"name":"(anonymous_12)","line":294,"loc":{"start":{"line":294,"column":1},"end":{"line":294,"column":13}},"skip":true},"13":{"name":"(anonymous_13)","line":299,"loc":{"start":{"line":299,"column":25},"end":{"line":299,"column":40}},"skip":true},"14":{"name":"(anonymous_14)","line":310,"loc":{"start":{"line":310,"column":19},"end":{"line":310,"column":31}},"skip":true},"15":{"name":"(anonymous_15)","line":314,"loc":{"start":{"line":314,"column":43},"end":{"line":314,"column":58}},"skip":true},"16":{"name":"(anonymous_16)","line":332,"loc":{"start":{"line":332,"column":23},"end":{"line":332,"column":40}},"skip":true},"17":{"name":"(anonymous_17)","line":356,"loc":{"start":{"line":356,"column":11},"end":{"line":356,"column":26}},"skip":true},"18":{"name":"(anonymous_18)","line":409,"loc":{"start":{"line":409,"column":1},"end":{"line":409,"column":13}},"skip":true},"19":{"name":"(anonymous_19)","line":422,"loc":{"start":{"line":422,"column":10},"end":{"line":422,"column":26}},"skip":true},"20":{"name":"(anonymous_20)","line":890,"loc":{"start":{"line":890,"column":3},"end":{"line":890,"column":29}},"skip":true},"21":{"name":"(anonymous_21)","line":927,"loc":{"start":{"line":927,"column":24},"end":{"line":927,"column":53}},"skip":true}},"statementMap":{"1":{"start":{"line":132,"column":0},"end":{"line":269,"column":9},"skip":true},"2":{"start":{"line":134,"column":4},"end":{"line":134,"column":21},"skip":true},"3":{"start":{"line":135,"column":4},"end":{"line":135,"column":14},"skip":true},"4":{"start":{"line":137,"column":4},"end":{"line":141,"column":9},"skip":true},"5":{"start":{"line":138,"column":8},"end":{"line":140,"column":27},"skip":true},"6":{"start":{"line":139,"column":12},"end":{"line":139,"column":51},"skip":true},"7":{"start":{"line":142,"column":4},"end":{"line":142,"column":39},"skip":true},"8":{"start":{"line":144,"column":4},"end":{"line":161,"column":5},"skip":true},"9":{"start":{"line":145,"column":8},"end":{"line":145,"column":37},"skip":true},"10":{"start":{"line":146,"column":8},"end":{"line":160,"column":10},"skip":true},"11":{"start":{"line":151,"column":12},"end":{"line":151,"column":24},"skip":true},"12":{"start":{"line":152,"column":12},"end":{"line":152,"column":44},"skip":true},"13":{"start":{"line":154,"column":12},"end":{"line":154,"column":62},"skip":true},"14":{"start":{"line":155,"column":12},"end":{"line":155,"column":49},"skip":true},"15":{"start":{"line":156,"column":12},"end":{"line":156,"column":49},"skip":true},"16":{"start":{"line":157,"column":12},"end":{"line":157,"column":31},"skip":true},"17":{"start":{"line":159,"column":12},"end":{"line":159,"column":30},"skip":true},"18":{"start":{"line":163,"column":4},"end":{"line":163,"column":15},"skip":true},"19":{"start":{"line":164,"column":4},"end":{"line":164,"column":24},"skip":true},"20":{"start":{"line":165,"column":4},"end":{"line":165,"column":35},"skip":true},"21":{"start":{"line":167,"column":4},"end":{"line":173,"column":6},"skip":true},"22":{"start":{"line":175,"column":4},"end":{"line":201,"column":6},"skip":true},"23":{"start":{"line":179,"column":8},"end":{"line":179,"column":18},"skip":true},"24":{"start":{"line":180,"column":8},"end":{"line":182,"column":9},"skip":true},"25":{"start":{"line":181,"column":12},"end":{"line":181,"column":19},"skip":true},"26":{"start":{"line":183,"column":8},"end":{"line":199,"column":10},"skip":true},"27":{"start":{"line":200,"column":8},"end":{"line":200,"column":20},"skip":true},"28":{"start":{"line":202,"column":4},"end":{"line":209,"column":6},"skip":true},"29":{"start":{"line":208,"column":8},"end":{"line":208,"column":32},"skip":true},"30":{"start":{"line":210,"column":4},"end":{"line":215,"column":6},"skip":true},"31":{"start":{"line":214,"column":8},"end":{"line":214,"column":21},"skip":true},"32":{"start":{"line":216,"column":4},"end":{"line":221,"column":6},"skip":true},"33":{"start":{"line":220,"column":8},"end":{"line":220,"column":15},"skip":true},"34":{"start":{"line":222,"column":4},"end":{"line":238,"column":6},"skip":true},"35":{"start":{"line":228,"column":8},"end":{"line":236,"column":11},"skip":true},"36":{"start":{"line":229,"column":12},"end":{"line":235,"column":13},"skip":true},"37":{"start":{"line":234,"column":16},"end":{"line":234,"column":57},"skip":true},"38":{"start":{"line":237,"column":8},"end":{"line":237,"column":22},"skip":true},"39":{"start":{"line":240,"column":4},"end":{"line":268,"column":5},"skip":true},"40":{"start":{"line":241,"column":8},"end":{"line":241,"column":41},"skip":true},"41":{"start":{"line":242,"column":8},"end":{"line":242,"column":41},"skip":true},"42":{"start":{"line":243,"column":8},"end":{"line":243,"column":55},"skip":true},"43":{"start":{"line":244,"column":8},"end":{"line":244,"column":43},"skip":true},"44":{"start":{"line":245,"column":8},"end":{"line":245,"column":41},"skip":true},"45":{"start":{"line":246,"column":8},"end":{"line":246,"column":39},"skip":true},"46":{"start":{"line":247,"column":8},"end":{"line":247,"column":35},"skip":true},"47":{"start":{"line":248,"column":8},"end":{"line":248,"column":41},"skip":true},"48":{"start":{"line":249,"column":8},"end":{"line":249,"column":41},"skip":true},"49":{"start":{"line":250,"column":8},"end":{"line":250,"column":33},"skip":true},"50":{"start":{"line":251,"column":8},"end":{"line":251,"column":37},"skip":true},"51":{"start":{"line":252,"column":8},"end":{"line":252,"column":39},"skip":true},"52":{"start":{"line":253,"column":8},"end":{"line":253,"column":35},"skip":true},"53":{"start":{"line":254,"column":8},"end":{"line":254,"column":33},"skip":true},"54":{"start":{"line":255,"column":8},"end":{"line":255,"column":37},"skip":true},"55":{"start":{"line":256,"column":8},"end":{"line":256,"column":51},"skip":true},"56":{"start":{"line":257,"column":8},"end":{"line":257,"column":45},"skip":true},"57":{"start":{"line":258,"column":8},"end":{"line":258,"column":37},"skip":true},"58":{"start":{"line":259,"column":8},"end":{"line":259,"column":41},"skip":true},"59":{"start":{"line":260,"column":8},"end":{"line":260,"column":57},"skip":true},"60":{"start":{"line":261,"column":8},"end":{"line":261,"column":41},"skip":true},"61":{"start":{"line":262,"column":8},"end":{"line":262,"column":35},"skip":true},"62":{"start":{"line":263,"column":8},"end":{"line":263,"column":35},"skip":true},"63":{"start":{"line":264,"column":8},"end":{"line":264,"column":35},"skip":true},"64":{"start":{"line":265,"column":8},"end":{"line":265,"column":37},"skip":true},"65":{"start":{"line":266,"column":8},"end":{"line":266,"column":33},"skip":true},"66":{"start":{"line":267,"column":8},"end":{"line":267,"column":37},"skip":true},"67":{"start":{"line":273,"column":0},"end":{"line":940,"column":5}},"68":{"start":{"line":279,"column":0},"end":{"line":288,"column":5}},"69":{"start":{"line":281,"column":0},"end":{"line":285,"column":2}},"70":{"start":{"line":287,"column":0},"end":{"line":287,"column":25}},"71":{"start":{"line":294,"column":0},"end":{"line":403,"column":5},"skip":true},"72":{"start":{"line":295,"column":0},"end":{"line":297,"column":1},"skip":true},"73":{"start":{"line":296,"column":4},"end":{"line":296,"column":11},"skip":true},"74":{"start":{"line":299,"column":0},"end":{"line":326,"column":3},"skip":true},"75":{"start":{"line":300,"column":4},"end":{"line":300,"column":16},"skip":true},"76":{"start":{"line":301,"column":4},"end":{"line":301,"column":16},"skip":true},"77":{"start":{"line":302,"column":4},"end":{"line":302,"column":12},"skip":true},"78":{"start":{"line":303,"column":4},"end":{"line":305,"column":6},"skip":true},"79":{"start":{"line":306,"column":4},"end":{"line":308,"column":5},"skip":true},"80":{"start":{"line":307,"column":8},"end":{"line":307,"column":15},"skip":true},"81":{"start":{"line":309,"column":4},"end":{"line":309,"column":23},"skip":true},"82":{"start":{"line":310,"column":4},"end":{"line":325,"column":6},"skip":true},"83":{"start":{"line":311,"column":8},"end":{"line":311,"column":40},"skip":true},"84":{"start":{"line":312,"column":8},"end":{"line":312,"column":36},"skip":true},"85":{"start":{"line":314,"column":8},"end":{"line":322,"column":22},"skip":true},"86":{"start":{"line":315,"column":12},"end":{"line":319,"column":14},"skip":true},"87":{"start":{"line":324,"column":8},"end":{"line":324,"column":49},"skip":true},"88":{"start":{"line":327,"column":0},"end":{"line":327,"column":56},"skip":true},"89":{"start":{"line":328,"column":0},"end":{"line":328,"column":42},"skip":true},"90":{"start":{"line":329,"column":0},"end":{"line":331,"column":2},"skip":true},"91":{"start":{"line":332,"column":0},"end":{"line":398,"column":2},"skip":true},"92":{"start":{"line":336,"column":4},"end":{"line":397,"column":5},"skip":true},"93":{"start":{"line":348,"column":8},"end":{"line":350,"column":21},"skip":true},"94":{"start":{"line":351,"column":8},"end":{"line":364,"column":11},"skip":true},"95":{"start":{"line":357,"column":12},"end":{"line":363,"column":14},"skip":true},"96":{"start":{"line":365,"column":8},"end":{"line":365,"column":14},"skip":true},"97":{"start":{"line":368,"column":8},"end":{"line":375,"column":9},"skip":true},"98":{"start":{"line":374,"column":12},"end":{"line":374,"column":19},"skip":true},"99":{"start":{"line":377,"column":8},"end":{"line":389,"column":9},"skip":true},"100":{"start":{"line":380,"column":12},"end":{"line":382,"column":15},"skip":true},"101":{"start":{"line":383,"column":12},"end":{"line":385,"column":49},"skip":true},"102":{"start":{"line":386,"column":12},"end":{"line":386,"column":31},"skip":true},"103":{"start":{"line":387,"column":12},"end":{"line":387,"column":40},"skip":true},"104":{"start":{"line":388,"column":12},"end":{"line":388,"column":19},"skip":true},"105":{"start":{"line":391,"column":8},"end":{"line":393,"column":11},"skip":true},"106":{"start":{"line":394,"column":8},"end":{"line":396,"column":44},"skip":true},"107":{"start":{"line":400,"column":0},"end":{"line":402,"column":3},"skip":true},"108":{"start":{"line":409,"column":0},"end":{"line":936,"column":5},"skip":true},"109":{"start":{"line":410,"column":0},"end":{"line":412,"column":1},"skip":true},"110":{"start":{"line":411,"column":4},"end":{"line":411,"column":11},"skip":true},"111":{"start":{"line":414,"column":0},"end":{"line":414,"column":23},"skip":true},"112":{"start":{"line":417,"column":0},"end":{"line":417,"column":42},"skip":true},"113":{"start":{"line":418,"column":0},"end":{"line":431,"column":3},"skip":true},"114":{"start":{"line":423,"column":4},"end":{"line":423,"column":22},"skip":true},"115":{"start":{"line":424,"column":4},"end":{"line":424,"column":58},"skip":true},"116":{"start":{"line":425,"column":4},"end":{"line":430,"column":5},"skip":true},"117":{"start":{"line":426,"column":8},"end":{"line":429,"column":10},"skip":true},"118":{"start":{"line":433,"column":0},"end":{"line":877,"column":2},"skip":true},"119":{"start":{"line":881,"column":0},"end":{"line":884,"column":28},"skip":true},"120":{"start":{"line":887,"column":0},"end":{"line":903,"column":3},"skip":true},"121":{"start":{"line":891,"column":4},"end":{"line":902,"column":5},"skip":true},"122":{"start":{"line":893,"column":8},"end":{"line":893,"column":48},"skip":true},"123":{"start":{"line":895,"column":8},"end":{"line":895,"column":39},"skip":true},"124":{"start":{"line":897,"column":8},"end":{"line":897,"column":34},"skip":true},"125":{"start":{"line":899,"column":8},"end":{"line":899,"column":23},"skip":true},"126":{"start":{"line":901,"column":8},"end":{"line":901,"column":22},"skip":true},"127":{"start":{"line":904,"column":0},"end":{"line":904,"column":65},"skip":true},"128":{"start":{"line":905,"column":0},"end":{"line":905,"column":56},"skip":true},"129":{"start":{"line":907,"column":0},"end":{"line":909,"column":1},"skip":true},"130":{"start":{"line":908,"column":4},"end":{"line":908,"column":11},"skip":true},"131":{"start":{"line":911,"column":0},"end":{"line":914,"column":2},"skip":true},"132":{"start":{"line":915,"column":0},"end":{"line":915,"column":74},"skip":true},"133":{"start":{"line":918,"column":0},"end":{"line":920,"column":1},"skip":true},"134":{"start":{"line":919,"column":4},"end":{"line":919,"column":74},"skip":true},"135":{"start":{"line":922,"column":0},"end":{"line":924,"column":1},"skip":true},"136":{"start":{"line":923,"column":4},"end":{"line":923,"column":11},"skip":true},"137":{"start":{"line":925,"column":0},"end":{"line":925,"column":46},"skip":true},"138":{"start":{"line":926,"column":0},"end":{"line":926,"column":67},"skip":true},"139":{"start":{"line":927,"column":0},"end":{"line":935,"column":28},"skip":true},"140":{"start":{"line":928,"column":4},"end":{"line":928,"column":53},"skip":true},"141":{"start":{"line":929,"column":4},"end":{"line":932,"column":5},"skip":true},"142":{"start":{"line":930,"column":8},"end":{"line":930,"column":67},"skip":true},"143":{"start":{"line":931,"column":8},"end":{"line":931,"column":15},"skip":true},"144":{"start":{"line":933,"column":4},"end":{"line":933,"column":30},"skip":true},"145":{"start":{"line":934,"column":4},"end":{"line":934,"column":19},"skip":true}},"branchMap":{"1":{"line":144,"type":"if","locations":[{"start":{"line":144,"column":4},"end":{"line":144,"column":4},"skip":true},{"start":{"line":144,"column":4},"end":{"line":144,"column":4},"skip":true}]},"2":{"line":168,"type":"binary-expr","locations":[{"start":{"line":168,"column":8},"end":{"line":168,"column":34},"skip":true},{"start":{"line":169,"column":11},"end":{"line":169,"column":32},"skip":true},{"start":{"line":170,"column":11},"end":{"line":170,"column":54},"skip":true},{"start":{"line":171,"column":11},"end":{"line":171,"column":26},"skip":true},{"start":{"line":172,"column":11},"end":{"line":172,"column":62},"skip":true}]},"3":{"line":180,"type":"if","locations":[{"start":{"line":180,"column":8},"end":{"line":180,"column":8},"skip":true},{"start":{"line":180,"column":8},"end":{"line":180,"column":8},"skip":true}]},"4":{"line":185,"type":"cond-expr","locations":[{"start":{"line":191,"column":14},"end":{"line":191,"column":21},"skip":true},{"start":{"line":192,"column":14},"end":{"line":198,"column":13},"skip":true}]},"5":{"line":186,"type":"binary-expr","locations":[{"start":{"line":186,"column":16},"end":{"line":186,"column":23},"skip":true},{"start":{"line":187,"column":19},"end":{"line":187,"column":54},"skip":true},{"start":{"line":188,"column":19},"end":{"line":188,"column":52},"skip":true}]},"6":{"line":193,"type":"cond-expr","locations":[{"start":{"line":195,"column":18},"end":{"line":195,"column":25},"skip":true},{"start":{"line":197,"column":18},"end":{"line":197,"column":50},"skip":true}]},"7":{"line":208,"type":"binary-expr","locations":[{"start":{"line":208,"column":15},"end":{"line":208,"column":18},"skip":true},{"start":{"line":208,"column":22},"end":{"line":208,"column":31},"skip":true}]},"8":{"line":229,"type":"if","locations":[{"start":{"line":229,"column":12},"end":{"line":229,"column":12},"skip":true},{"start":{"line":229,"column":12},"end":{"line":229,"column":12},"skip":true}]},"9":{"line":230,"type":"binary-expr","locations":[{"start":{"line":230,"column":16},"end":{"line":230,"column":36},"skip":true},{"start":{"line":231,"column":19},"end":{"line":231,"column":44},"skip":true},{"start":{"line":232,"column":19},"end":{"line":232,"column":37},"skip":true}]},"10":{"line":234,"type":"binary-expr","locations":[{"start":{"line":234,"column":30},"end":{"line":234,"column":41},"skip":true},{"start":{"line":234,"column":45},"end":{"line":234,"column":56},"skip":true}]},"11":{"line":240,"type":"if","locations":[{"start":{"line":240,"column":4},"end":{"line":240,"column":4},"skip":true},{"start":{"line":240,"column":4},"end":{"line":240,"column":4},"skip":true}]},"12":{"line":282,"type":"binary-expr","locations":[{"start":{"line":282,"column":4},"end":{"line":282,"column":30}},{"start":{"line":283,"column":7},"end":{"line":283,"column":43}},{"start":{"line":284,"column":7},"end":{"line":284,"column":40}}]},"13":{"line":295,"type":"if","locations":[{"start":{"line":295,"column":0},"end":{"line":295,"column":0},"skip":true},{"start":{"line":295,"column":0},"end":{"line":295,"column":0},"skip":true}]},"14":{"line":306,"type":"if","locations":[{"start":{"line":306,"column":4},"end":{"line":306,"column":4},"skip":true},{"start":{"line":306,"column":4},"end":{"line":306,"column":4},"skip":true}]},"15":{"line":316,"type":"cond-expr","locations":[{"start":{"line":317,"column":18},"end":{"line":317,"column":21},"skip":true},{"start":{"line":318,"column":18},"end":{"line":318,"column":46},"skip":true}]},"16":{"line":330,"type":"binary-expr","locations":[{"start":{"line":330,"column":4},"end":{"line":330,"column":12},"skip":true},{"start":{"line":330,"column":16},"end":{"line":330,"column":37},"skip":true}]},"17":{"line":336,"type":"switch","locations":[{"start":{"line":345,"column":4},"end":{"line":345,"column":34},"skip":true},{"start":{"line":346,"column":4},"end":{"line":365,"column":14},"skip":true},{"start":{"line":367,"column":4},"end":{"line":396,"column":44},"skip":true}]},"18":{"line":337,"type":"binary-expr","locations":[{"start":{"line":337,"column":8},"end":{"line":337,"column":22},"skip":true},{"start":{"line":338,"column":11},"end":{"line":338,"column":25},"skip":true},{"start":{"line":340,"column":12},"end":{"line":340,"column":26},"skip":true},{"start":{"line":341,"column":16},"end":{"line":341,"column":68},"skip":true}]},"19":{"line":341,"type":"binary-expr","locations":[{"start":{"line":341,"column":36},"end":{"line":341,"column":48},"skip":true},{"start":{"line":341,"column":52},"end":{"line":341,"column":67},"skip":true}]},"20":{"line":360,"type":"cond-expr","locations":[{"start":{"line":361,"column":18},"end":{"line":361,"column":24},"skip":true},{"start":{"line":362,"column":18},"end":{"line":362,"column":24},"skip":true}]},"21":{"line":368,"type":"if","locations":[{"start":{"line":368,"column":8},"end":{"line":368,"column":8},"skip":true},{"start":{"line":368,"column":8},"end":{"line":368,"column":8},"skip":true}]},"22":{"line":369,"type":"binary-expr","locations":[{"start":{"line":369,"column":12},"end":{"line":369,"column":66},"skip":true},{"start":{"line":370,"column":15},"end":{"line":372,"column":36},"skip":true}]},"23":{"line":369,"type":"binary-expr","locations":[{"start":{"line":369,"column":13},"end":{"line":369,"column":25},"skip":true},{"start":{"line":369,"column":29},"end":{"line":369,"column":44},"skip":true}]},"24":{"line":370,"type":"binary-expr","locations":[{"start":{"line":370,"column":17},"end":{"line":370,"column":31},"skip":true},{"start":{"line":370,"column":35},"end":{"line":372,"column":35},"skip":true}]},"25":{"line":377,"type":"if","locations":[{"start":{"line":377,"column":8},"end":{"line":377,"column":8},"skip":true},{"start":{"line":377,"column":8},"end":{"line":377,"column":8},"skip":true}]},"26":{"line":410,"type":"if","locations":[{"start":{"line":410,"column":0},"end":{"line":410,"column":0},"skip":true},{"start":{"line":410,"column":0},"end":{"line":410,"column":0},"skip":true}]},"27":{"line":417,"type":"binary-expr","locations":[{"start":{"line":417,"column":19},"end":{"line":417,"column":35},"skip":true},{"start":{"line":417,"column":39},"end":{"line":417,"column":41},"skip":true}]},"28":{"line":424,"type":"binary-expr","locations":[{"start":{"line":424,"column":29},"end":{"line":424,"column":51},"skip":true},{"start":{"line":424,"column":55},"end":{"line":424,"column":57},"skip":true}]},"29":{"line":425,"type":"if","locations":[{"start":{"line":425,"column":4},"end":{"line":425,"column":4},"skip":true},{"start":{"line":425,"column":4},"end":{"line":425,"column":4},"skip":true}]},"30":{"line":882,"type":"binary-expr","locations":[{"start":{"line":882,"column":4},"end":{"line":882,"column":51},"skip":true},{"start":{"line":883,"column":4},"end":{"line":884,"column":27},"skip":true}]},"31":{"line":891,"type":"switch","locations":[{"start":{"line":892,"column":4},"end":{"line":893,"column":48},"skip":true},{"start":{"line":894,"column":4},"end":{"line":895,"column":39},"skip":true},{"start":{"line":896,"column":4},"end":{"line":897,"column":34},"skip":true},{"start":{"line":898,"column":4},"end":{"line":899,"column":23},"skip":true},{"start":{"line":900,"column":4},"end":{"line":901,"column":22},"skip":true}]},"32":{"line":907,"type":"if","locations":[{"start":{"line":907,"column":0},"end":{"line":907,"column":0},"skip":true},{"start":{"line":907,"column":0},"end":{"line":907,"column":0},"skip":true}]},"33":{"line":907,"type":"binary-expr","locations":[{"start":{"line":907,"column":4},"end":{"line":907,"column":27},"skip":true},{"start":{"line":907,"column":31},"end":{"line":907,"column":57},"skip":true}]},"34":{"line":912,"type":"binary-expr","locations":[{"start":{"line":912,"column":4},"end":{"line":912,"column":42},"skip":true},{"start":{"line":913,"column":7},"end":{"line":913,"column":48},"skip":true}]},"35":{"line":915,"type":"binary-expr","locations":[{"start":{"line":915,"column":35},"end":{"line":915,"column":67},"skip":true},{"start":{"line":915,"column":71},"end":{"line":915,"column":73},"skip":true}]},"36":{"line":918,"type":"if","locations":[{"start":{"line":918,"column":0},"end":{"line":918,"column":0},"skip":true},{"start":{"line":918,"column":0},"end":{"line":918,"column":0},"skip":true}]},"37":{"line":922,"type":"if","locations":[{"start":{"line":922,"column":0},"end":{"line":922,"column":0},"skip":true},{"start":{"line":922,"column":0},"end":{"line":922,"column":0},"skip":true}]},"38":{"line":925,"type":"binary-expr","locations":[{"start":{"line":925,"column":19},"end":{"line":925,"column":35},"skip":true},{"start":{"line":925,"column":39},"end":{"line":925,"column":45},"skip":true}]},"39":{"line":929,"type":"if","locations":[{"start":{"line":929,"column":4},"end":{"line":929,"column":4},"skip":true},{"start":{"line":929,"column":4},"end":{"line":929,"column":4},"skip":true}]}},"code":["","","","","","","","","","","","","","","","","","","","","","","","","","","","","","","","","","","","","","","","","","","","","","","","","","","","","","","","","","","","","","","","","","","","","","","","","","","","","","","","","","","","","","","","","","","","","","","","","","","","","","","","","","","","","","","","","","/*","example.js","","this script will run a web-demo of swagger-validate-lite","","instruction","    1. save this script as example.js","    2. run shell-command:","        $ npm install kaizhu256/node-swagger-validate-lite#alpha && PORT=8081 node example.js","    3. open a browser to http://127.0.0.1:8081 and play with web-demo","    4. edit this script to suit your needs","*/","","","","/* istanbul instrument in package swagger_validate */","/* istanbul ignore next */","/* jslint utility2:true */","(function (globalThis) {","    \"use strict\";","    var consoleError;","    var local;","    // init globalThis","    (function () {","        try {","            globalThis = Function(\"return this\")(); // jslint ignore:line","        } catch (ignore) {}","    }());","    globalThis.globalThis = globalThis;","    // init debug_inline","    if (!globalThis[\"debug\\u0049nline\"]) {","        consoleError = console.error;","        globalThis[\"debug\\u0049nline\"] = function () {","        /*","         * this function will both print <arguments> to stderr","         * and return <arguments>[0]","         */","            var argList;","            argList = Array.from(arguments); // jslint ignore:line","            // debug arguments","            globalThis[\"debug\\u0049nlineArguments\"] = argList;","            consoleError(\"\\n\\ndebug\\u0049nline\");","            consoleError.apply(console, argList);","            consoleError(\"\\n\");","            // return arg0 for inspection","            return argList[0];","        };","    }","    // init local","    local = {};","    local.local = local;","    globalThis.globalLocal = local;","    // init isBrowser","    local.isBrowser = (","        typeof window === \"object\"","        && window === globalThis","        && typeof window.XMLHttpRequest === \"function\"","        && window.document","        && typeof window.document.querySelector === \"function\"","    );","    // init function","    local.assertThrow = function (passed, message) {","    /*","     * this function will throw error <message> if <passed> is falsy","     */","        var error;","        if (passed) {","            return;","        }","        error = (","            // ternary-condition","            (","                message","                && typeof message.message === \"string\"","                && typeof message.stack === \"string\"","            )","            // if message is an error-object, then leave it as is","            ? message","            : new Error(","                typeof message === \"string\"","                // if message is a string, then leave it as is","                ? message","                // else JSON.stringify message","                : JSON.stringify(message, null, 4)","            )","        );","        throw error;","    };","    local.functionOrNop = function (fnc) {","    /*","     * this function will if <fnc> exists,","     * them return <fnc>,","     * else return <nop>","     */","        return fnc || local.nop;","    };","    local.identity = function (value) {","    /*","     * this function will return <value>","     */","        return value;","    };","    local.nop = function () {","    /*","     * this function will do nothing","     */","        return;","    };","    local.objectAssignDefault = function (target, source) {","    /*","     * this function will if items from <target> are","     * null, undefined, or empty-string,","     * then overwrite them with items from <source>","     */","        Object.keys(source).forEach(function (key) {","            if (","                target[key] === null","                || target[key] === undefined","                || target[key] === \"\"","            ) {","                target[key] = target[key] || source[key];","            }","        });","        return target;","    };","    // require builtin","    if (!local.isBrowser) {","        local.assert = require(\"assert\");","        local.buffer = require(\"buffer\");","        local.child_process = require(\"child_process\");","        local.cluster = require(\"cluster\");","        local.crypto = require(\"crypto\");","        local.dgram = require(\"dgram\");","        local.dns = require(\"dns\");","        local.domain = require(\"domain\");","        local.events = require(\"events\");","        local.fs = require(\"fs\");","        local.http = require(\"http\");","        local.https = require(\"https\");","        local.net = require(\"net\");","        local.os = require(\"os\");","        local.path = require(\"path\");","        local.querystring = require(\"querystring\");","        local.readline = require(\"readline\");","        local.repl = require(\"repl\");","        local.stream = require(\"stream\");","        local.string_decoder = require(\"string_decoder\");","        local.timers = require(\"timers\");","        local.tls = require(\"tls\");","        local.tty = require(\"tty\");","        local.url = require(\"url\");","        local.util = require(\"util\");","        local.vm = require(\"vm\");","        local.zlib = require(\"zlib\");","    }","}(this));","","","","(function (local) {","\"use strict\";","","","","// run shared js-env code - init-before","(function () {","// init local","local = (","    globalThis.utility2_rollup","    || globalThis.utility2_swagger_validate","    || globalThis.utility2_moduleExports",");","// init exports","globalThis.local = local;","}());","","","","/* istanbul ignore next */","// run browser js-env code - init-test","(function () {","if (!local.isBrowser) {","    return;","}","// log stderr and stdout to #outputStdout1","[\"error\", \"log\"].forEach(function (key) {","    var argList;","    var element;","    var fnc;","    element = document.querySelector(","        \"#outputStdout1\"","    );","    if (!element) {","        return;","    }","    fnc = console[key];","    console[key] = function () {","        argList = Array.from(arguments); // jslint ignore:line","        fnc.apply(console, argList);","        // append text to #outputStdout1","        element.textContent += argList.map(function (arg) {","            return (","                typeof arg === \"string\"","                ? arg","                : JSON.stringify(arg, null, 4)","            );","        }).join(\" \").replace((","            /\\u001b\\[\\d*m/g","        ), \"\") + \"\\n\";","        // scroll textarea to bottom","        element.scrollTop = element.scrollHeight;","    };","});","Object.assign(local, globalThis.domOnEventDelegateDict);","globalThis.domOnEventDelegateDict = local;","local.onEventDomDb = (","    local.db && local.db.onEventDomDb",");","local.testRunBrowser = function (event) {","/*"," * this function will run browser-tests"," */","    switch (","        !event.ctrlKey","        && !event.metaKey","        && (","            event.modeInit","            || (event.type + \".\" + (event.target && event.target.id))","        )","    ) {","    // custom-case","    case \"keydown.inputTextarea1\":","    case true:","        // validate #inputTextarea1","        document.querySelector(","            \"#outputStdout1\"","        ).value = \"\";","        local.swagger_validate.swaggerValidateFile({","            data: document.querySelector(","                \"#inputTextarea1\"","            ).value,","            file: \"inputTextarea1.json\"","        }, function (err) {","            document.querySelector(","                \"#outputStdout1\"","            ).style.color = (","                err","                ? \"#d00\"","                : \"#070\"","            );","        });","        break;","    // run browser-tests","    default:","        if (","            (event.target && event.target.id) !== \"testRunButton1\"","            && !(event.modeInit && (","                /\\bmodeTest=1\\b/","            ).test(location.search))","        ) {","            return;","        }","        // show browser-tests","        if (document.querySelector(","            \"#testReportDiv1\"","        ).style.maxHeight === \"0px\") {","            local.uiAnimateSlideDown(document.querySelector(","                \"#testReportDiv1\"","            ));","            document.querySelector(","                \"#testRunButton1\"","            ).textContent = \"hide internal test\";","            local.modeTest = 1;","            local.testRunDefault(local);","            return;","        }","        // hide browser-tests","        local.uiAnimateSlideUp(document.querySelector(","            \"#testReportDiv1\"","        ));","        document.querySelector(","            \"#testRunButton1\"","        ).textContent = \"run internal test\";","    }","};","","local.testRunBrowser({","    modeInit: true","});","}());","","","","/* istanbul ignore next */","// run node js-env code - init-test","(function () {","if (local.isBrowser) {","    return;","}","// init exports","module.exports = local;","/* validateLineSortedReset */","// init assets","local.assetsDict = local.assetsDict || {};","[","    \"assets.index.template.html\",","    \"assets.swgg.swagger.json\",","    \"assets.swgg.swagger.server.json\"","].forEach(function (file) {","    file = \"/\" + file;","    local.assetsDict[file] = local.assetsDict[file] || \"\";","    if (local.fs.existsSync(local.__dirname + file)) {","        local.assetsDict[file] = local.fs.readFileSync(","            local.__dirname + file,","            \"utf8\"","        );","    }","});","/* jslint ignore:start */","local.assetsDict[\"/assets.index.template.html\"] = '\\","<!doctype html>\\n\\","<html lang=\"en\">\\n\\","<head>\\n\\","<meta charset=\"utf-8\">\\n\\","<meta name=\"viewport\" content=\"width=device-width, initial-scale=1\">\\n\\","<!-- \"assets.utility2.template.html\" -->\\n\\","<title>{{env.npm_package_name}} ({{env.npm_package_version}})</title>\\n\\","<style>\\n\\","/* jslint utility2:true */\\n\\","/*csslint\\n\\","*/\\n\\","/* csslint ignore:start */\\n\\","*,\\n\\","*:after,\\n\\","*:before {\\n\\","    box-sizing: border-box;\\n\\","}\\n\\","/* csslint ignore:end */\\n\\","@keyframes uiAnimateShake {\\n\\","    0%, 50% {\\n\\","        transform: translateX(10px);\\n\\","    }\\n\\","    25%, 75% {\\n\\","        transform: translateX(-10px);\\n\\","    }\\n\\","    100% {\\n\\","        transform: translateX(0);\\n\\","    }\\n\\","}\\n\\","@keyframes uiAnimateSpin {\\n\\","    0% {\\n\\","        transform: rotate(0deg);\\n\\","    }\\n\\","    100% {\\n\\","        transform: rotate(360deg);\\n\\","    }\\n\\","}\\n\\","a {\\n\\","    overflow-wrap: break-word;\\n\\","}\\n\\","body {\\n\\","    background: #eef;\\n\\","    font-family: Arial, Helvetica, sans-serif;\\n\\","    font-size: small;\\n\\","    margin: 0 40px;\\n\\","}\\n\\","body > div,\\n\\","body > form > div,\\n\\","body > form > input,\\n\\","body > form > pre,\\n\\","body > form > .button,\\n\\","body > form > .textarea,\\n\\","body > input,\\n\\","body > pre,\\n\\","body > .button,\\n\\","body > .textarea {\\n\\","    margin-bottom: 20px;\\n\\","    margin-top: 0;\\n\\","}\\n\\","body > form > input,\\n\\","body > form > .button,\\n\\","body > input,\\n\\","body > .button {\\n\\","    width: 20rem;\\n\\","}\\n\\","body > form > .textarea,\\n\\","body > .textarea {\\n\\","    height: 10rem;\\n\\","    width: 100%;\\n\\","}\\n\\","body > .readonly {\\n\\","    background: #ddd;\\n\\","}\\n\\","code,\\n\\","pre,\\n\\",".textarea {\\n\\","    font-family: Consolas, Menlo, monospace;\\n\\","    font-size: smaller;\\n\\","}\\n\\","pre {\\n\\","    overflow-wrap: break-word;\\n\\","    white-space: pre-wrap;\\n\\","}\\n\\",".button {\\n\\","    background-color: #fff;\\n\\","    border: 1px solid;\\n\\","    border-bottom-color: rgb(186, 186, 186);\\n\\","    border-left-color: rgb(209, 209, 209);\\n\\","    border-radius: 4px;\\n\\","    border-right-color: rgb(209, 209, 209);\\n\\","    border-top-color: rgb(216, 216, 216);\\n\\","    color: #00d;\\n\\","    cursor: pointer;\\n\\","    display: inline-block;\\n\\","    font-family: Arial, Helvetica, sans-serif;\\n\\","    font-size: 12px;\\n\\","    font-style: normal;\\n\\","    font-weight: normal;\\n\\","    margin: 0;\\n\\","    padding: 2px 7px 3px 7px;\\n\\","    text-align: center;\\n\\","    text-decoration: underline;\\n\\","}\\n\\",".colorError {\\n\\","    color: #d00;\\n\\","}\\n\\",".textarea {\\n\\","    background: #fff;\\n\\","    border: 1px solid #999;\\n\\","    border-radius: 0;\\n\\","    cursor: auto;\\n\\","    overflow: auto;\\n\\","    padding: 2px;\\n\\","}\\n\\",".uiAnimateShake {\\n\\","    animation-duration: 500ms;\\n\\","    animation-name: uiAnimateShake;\\n\\","}\\n\\",".uiAnimateSlide {\\n\\","    overflow-y: hidden;\\n\\","    transition: max-height ease-in 250ms, min-height ease-in 250ms, padding-bottom ease-in 250ms, padding-top ease-in 250ms;\\n\\","}\\n\\",".utility2FooterDiv {\\n\\","    text-align: center;\\n\\","}\\n\\",".zeroPixel {\\n\\","    border: 0;\\n\\","    height: 0;\\n\\","    margin: 0;\\n\\","    padding: 0;\\n\\","    width: 0;\\n\\","}\\n\\","</style>\\n\\","</head>\\n\\","<body>\\n\\","<div id=\"ajaxProgressDiv1\" style=\"background: #d00; height: 2px; left: 0; margin: 0; padding: 0; position: fixed; top: 0; transition: background 500ms, width 1500ms; width: 0%; z-index: 1;\"></div>\\n\\","<div class=\"uiAnimateSpin\" style=\"animation: uiAnimateSpin 2s linear infinite; border: 5px solid #999; border-radius: 50%; border-top: 5px solid #7d7; display: none; height: 25px; vertical-align: middle; width: 25px;\"></div>\\n\\","<a class=\"zeroPixel\" download=\"db.persistence.json\" href=\"\" id=\"dbExportA1\"></a>\\n\\","<input class=\"zeroPixel\" data-onevent=\"onEventDomDb\" data-onevent-db=\"dbImportInput\" type=\"file\">\\n\\","<script>\\n\\","/* jslint utility2:true */\\n\\","// init domOnEventWindowOnloadTimeElapsed\\n\\","(function () {\\n\\","/*\\n\\"," * this function will measure and print time-elapsed for window.onload\\n\\"," */\\n\\","    \"use strict\";\\n\\","    if (window.domOnEventWindowOnloadTimeElapsed) {\\n\\","        return;\\n\\","    }\\n\\","    window.domOnEventWindowOnloadTimeElapsed = Date.now() + 100;\\n\\","    window.addEventListener(\"load\", function () {\\n\\","        setTimeout(function () {\\n\\","            window.domOnEventWindowOnloadTimeElapsed = (\\n\\","                Date.now()\\n\\","                - window.domOnEventWindowOnloadTimeElapsed\\n\\","            );\\n\\","            console.error(\\n\\","                \"domOnEventWindowOnloadTimeElapsed = \"\\n\\","                + window.domOnEventWindowOnloadTimeElapsed\\n\\","            );\\n\\","        }, 100);\\n\\","    });\\n\\","}());\\n\\","\\n\\","\\n\\","\\n\\","// init domOnEventDelegateDict\\n\\","(function () {\\n\\","/*\\n\\"," * this function will handle delegated dom-event\\n\\"," * example usage:\\n\\"," */\\n\\","    \"use strict\";\\n\\","    var timerTimeoutDict;\\n\\","    if (window.domOnEventDelegateDict) {\\n\\","        return;\\n\\","    }\\n\\","    window.domOnEventDelegateDict = {};\\n\\","    timerTimeoutDict = {};\\n\\","    window.domOnEventDelegateDict.domOnEventDelegate = function (event) {\\n\\","        event.targetOnEvent = event.target.closest(\\n\\","            \"[data-onevent]\"\\n\\","        );\\n\\","        if (\\n\\","            !event.targetOnEvent\\n\\","            || event.targetOnEvent.dataset.onevent === \"domOnEventNop\"\\n\\","            || event.target.closest(\\n\\","                \".disabled, .readonly\"\\n\\","            )\\n\\","        ) {\\n\\","            return;\\n\\","        }\\n\\","        // rate-limit high-frequency-event\\n\\","        switch (event.type) {\\n\\","        case \"keydown\":\\n\\","        case \"keyup\":\\n\\","            // filter non-input keyboard-event\\n\\","            if (!event.target.closest(\\n\\","                \"input, option, select, textarea\"\\n\\","            )) {\\n\\","                return;\\n\\","            }\\n\\","            if (timerTimeoutDict[event.type] !== true) {\\n\\","                timerTimeoutDict[event.type] = (\\n\\","                    timerTimeoutDict[event.type]\\n\\","                    || setTimeout(function () {\\n\\","                        timerTimeoutDict[event.type] = true;\\n\\","                        window.domOnEventDelegateDict.domOnEventDelegate(\\n\\","                            event\\n\\","                        );\\n\\","                    }, 50)\\n\\","                );\\n\\","                return;\\n\\","            }\\n\\","            timerTimeoutDict[event.type] = null;\\n\\","            break;\\n\\","        }\\n\\","        switch (event.targetOnEvent.tagName) {\\n\\","        case \"BUTTON\":\\n\\","        case \"FORM\":\\n\\","            event.preventDefault();\\n\\","            break;\\n\\","        }\\n\\","        // reset output\\n\\","        if (\\n\\","            !event.ctrlKey\\n\\","            && !event.metaKey\\n\\","            && event.targetOnEvent.dataset.oneventResetOutput\\n\\","        ) {\\n\\","            Array.from(document.querySelectorAll(\\n\\","                \".onevent-reset-output\"\\n\\","            )).forEach(function (element) {\\n\\","                switch (element.tagName) {\\n\\","                case \"INPUT\":\\n\\","                case \"TEXTAREA\":\\n\\","                    element.value = \"\";\\n\\","                    break;\\n\\","                case \"PRE\":\\n\\","                    element.textContent = \"\";\\n\\","                    break;\\n\\","                default:\\n\\","                    element.innerHTML = \"\";\\n\\","                }\\n\\","            });\\n\\","        }\\n\\","        event.stopPropagation();\\n\\","        window.domOnEventDelegateDict[event.targetOnEvent.dataset.onevent](\\n\\","            event\\n\\","        );\\n\\","    };\\n\\","    // init event-handling\\n\\","    [\\n\\","        \"change\",\\n\\","        \"click\",\\n\\","        \"keydown\",\\n\\","        \"keyup\",\\n\\","        \"submit\"\\n\\","    ].forEach(function (eventType) {\\n\\","        document.addEventListener(\\n\\","            eventType,\\n\\","            window.domOnEventDelegateDict.domOnEventDelegate\\n\\","        );\\n\\","    });\\n\\","}());\\n\\","\\n\\","\\n\\","\\n\\","// init timerIntervalAjaxProgressUpdate\\n\\","(function () {\\n\\","/*\\n\\"," * this function will increment ajax-progress-bar\\n\\"," * until webpage has loaded\\n\\"," */\\n\\","    \"use strict\";\\n\\","    var ajaxProgressDiv1;\\n\\","    var ajaxProgressState;\\n\\","    var ajaxProgressUpdate;\\n\\","    if (\\n\\","        window.timerIntervalAjaxProgressUpdate\\n\\","        || !document.querySelector(\\n\\","            \"#ajaxProgressDiv1\"\\n\\","        )\\n\\","    ) {\\n\\","        return;\\n\\","    }\\n\\","    ajaxProgressDiv1 = document.querySelector(\\n\\","        \"#ajaxProgressDiv1\"\\n\\","    );\\n\\","    setTimeout(function () {\\n\\","        ajaxProgressDiv1.style.width = \"25%\";\\n\\","    });\\n\\","    ajaxProgressState = 0;\\n\\","    ajaxProgressUpdate = (\\n\\","        window.local\\n\\","        && window.local.ajaxProgressUpdate\\n\\","    ) || function () {\\n\\","        ajaxProgressDiv1.style.width = \"100%\";\\n\\","        setTimeout(function () {\\n\\","            ajaxProgressDiv1.style.background = \"transparent\";\\n\\","            setTimeout(function () {\\n\\","                ajaxProgressDiv1.style.width = \"0%\";\\n\\","            }, 500);\\n\\","        }, 1000);\\n\\","    };\\n\\","    window.timerIntervalAjaxProgressUpdate = setInterval(function () {\\n\\","        ajaxProgressState += 1;\\n\\","        ajaxProgressDiv1.style.width = Math.max(\\n\\","            100 - 75 * Math.exp(-0.125 * ajaxProgressState),\\n\\","            ajaxProgressDiv1.style.width.slice(0, -1) | 0\\n\\","        ) + \"%\";\\n\\","    }, 1000);\\n\\","    window.addEventListener(\"load\", function () {\\n\\","        clearInterval(window.timerIntervalAjaxProgressUpdate);\\n\\","        ajaxProgressUpdate();\\n\\","    });\\n\\","}());\\n\\","\\n\\","\\n\\","\\n\\","// init domOnEventSelectAllWithinPre\\n\\","(function () {\\n\\","/*\\n\\"," * this function will limit select-all within <pre tabIndex=\"0\"> elements\\n\\"," * https://stackoverflow.com/questions/985272/selecting-text-in-an-element-akin-to-highlighting-with-your-mouse\\n\\"," */\\n\\","    \"use strict\";\\n\\","    if (window.domOnEventSelectAllWithinPre) {\\n\\","        return;\\n\\","    }\\n\\","    window.domOnEventSelectAllWithinPre = function (event) {\\n\\","        var range;\\n\\","        var selection;\\n\\","        if (\\n\\","            event\\n\\","            && event.key === \"a\"\\n\\","            && (event.ctrlKey || event.metaKey)\\n\\","            && event.target.closest(\\n\\","                \"pre\"\\n\\","            )\\n\\","        ) {\\n\\","            range = document.createRange();\\n\\","            range.selectNodeContents(event.target.closest(\\n\\","                \"pre\"\\n\\","            ));\\n\\","            selection = window.getSelection();\\n\\","            selection.removeAllRanges();\\n\\","            selection.addRange(range);\\n\\","            event.preventDefault();\\n\\","        }\\n\\","    };\\n\\","    // init event-handling\\n\\","    document.addEventListener(\\n\\","        \"keydown\",\\n\\","        window.domOnEventSelectAllWithinPre\\n\\","    );\\n\\","}());\\n\\","</script>\\n\\","<h1>\\n\\","<!-- utility2-comment\\n\\","    <a\\n\\","        {{#if env.npm_package_homepage}}\\n\\","        href=\"{{env.npm_package_homepage}}\"\\n\\","        {{/if env.npm_package_homepage}}\\n\\","        target=\"_blank\"\\n\\","    >\\n\\","utility2-comment -->\\n\\","        {{env.npm_package_name}} ({{env.npm_package_version}})\\n\\","<!-- utility2-comment\\n\\","    </a>\\n\\","utility2-comment -->\\n\\","</h1>\\n\\","<h3>{{env.npm_package_description}}</h3>\\n\\","<!-- utility2-comment\\n\\","<a class=\"button\" download href=\"assets.app.js\">download standalone app</a><br>\\n\\","<button class=\"button\" data-onevent=\"testRunBrowser\" data-onevent-reset-output=\"1\" id=\"testRunButton1\">run internal test</button><br>\\n\\","<div class=\"uiAnimateSlide\" id=\"testReportDiv1\" style=\"border-bottom: 0; border-top: 0; margin-bottom: 0; margin-top: 0; max-height: 0; padding-bottom: 0; padding-top: 0;\"></div>\\n\\","utility2-comment -->\\n\\","\\n\\","\\n\\","\\n\\","<label>edit or paste swagger.json data below to validate</label>\\n\\","<textarea class=\"textarea\" data-onevent=\"testRunBrowser\" data-onevent-reset-output=\"1\" id=\"inputTextarea1\">{\\n\\","    \"swagger\": \"this is an example error\",\\n\\","    \"info\": {\\n\\","        \"title\": \"Swagger Petstore\",\\n\\","        \"version\": \"0.0.1\"\\n\\","    },\\n\\","    \"paths\": {\\n\\","        \"/pet/{petId}\": {\\n\\","            \"get\": {\\n\\","                \"operationId\": \"getPetById\",\\n\\","                \"parameters\": [\\n\\","                    {\\n\\","                        \"name\": \"petId\",\\n\\","                        \"in\": \"path\",\\n\\","                        \"description\": \"ID of pet to return\",\\n\\","                        \"required\": true,\\n\\","                        \"type\": \"integer\",\\n\\","                        \"format\": \"int64\"\\n\\","                    }\\n\\","                ],\\n\\","                \"responses\": {\\n\\","                    \"200\": {\\n\\","                        \"description\": \"successful operation\"\\n\\","                    }\\n\\","                },\\n\\","                \"tags\": [\\n\\","                    \"pet\"\\n\\","                ]\\n\\","            }\\n\\","        }\\n\\","    },\\n\\","    \"tags\": [\\n\\","        {\\n\\","            \"name\": \"pet\"\\n\\","        }\\n\\","    ]\\n\\","}</textarea>\\n\\","<label>stderr and stdout</label>\\n\\","<pre class=\"onevent-reset-output readonly textarea\" id=\"outputStdout1\"></pre>\\n\\","<!-- utility2-comment\\n\\","{{#if isRollup}}\\n\\","<script src=\"assets.app.js\"></script>\\n\\","{{#unless isRollup}}\\n\\","utility2-comment -->\\n\\","<script src=\"assets.utility2.rollup.js\"></script>\\n\\","<script>window.utility2_onReadyBefore.counter += 1;</script>\\n\\","<script src=\"jsonp.utility2.stateInit?callback=window.utility2.stateInit\"></script>\\n\\","<script src=\"assets.swagger_validate.js\"></script>\\n\\","<script src=\"assets.example.js\"></script>\\n\\","<script src=\"assets.test.js\"></script>\\n\\","<script>window.utility2_onReadyBefore();</script>\\n\\","<!-- utility2-comment\\n\\","{{/if isRollup}}\\n\\","utility2-comment -->\\n\\","<div class=\"utility2FooterDiv\">\\n\\","    [ this app was created with\\n\\","    <a href=\"https://github.com/kaizhu256/node-utility2\" target=\"_blank\">utility2</a>\\n\\","    ]\\n\\","</div>\\n\\","</body>\\n\\","</html>\\n\\","';","/* jslint ignore:end */","/* validateLineSortedReset */","/* jslint ignore:start */","local.assetsDict[\"/assets.swagger_validate.js\"] =","    local.assetsDict[\"/assets.swagger_validate.js\"] ||","    local.fs.readFileSync(local.__dirname + \"/lib.swagger_validate.js\", \"utf8\"",").replace((/^#!\\//), \"// \");","/* jslint ignore:end */","/* validateLineSortedReset */","local.assetsDict[\"/\"] = local.assetsDict[\"/assets.index.template.html\"]",".replace((","    /\\{\\{env\\.(\\w+?)\\}\\}/g","), function (match0, match1) {","    switch (match1) {","    case \"npm_package_description\":","        return \"the greatest app in the world!\";","    case \"npm_package_name\":","        return \"swagger-validate-lite\";","    case \"npm_package_nameLib\":","        return \"swagger_validate\";","    case \"npm_package_version\":","        return \"0.0.1\";","    default:","        return match0;","    }","});","local.assetsDict[\"/assets.example.html\"] = local.assetsDict[\"/\"];","local.assetsDict[\"/index.html\"] = local.assetsDict[\"/\"];","// init cli","if (module !== require.main || globalThis.utility2_rollup) {","    return;","}","/* validateLineSortedReset */","local.assetsDict[\"/assets.example.js\"] = (","    local.assetsDict[\"/assets.example.js\"]","    || local.fs.readFileSync(__filename, \"utf8\")",");","local.assetsDict[\"/favicon.ico\"] = local.assetsDict[\"/favicon.ico\"] || \"\";","// if $npm_config_timeout_exit exists,","// then exit this process after $npm_config_timeout_exit ms","if (Number(process.env.npm_config_timeout_exit)) {","    setTimeout(process.exit, Number(process.env.npm_config_timeout_exit));","}","// start server","if (globalThis.utility2_serverHttp1) {","    return;","}","process.env.PORT = process.env.PORT || \"8081\";","console.error(\"http-server listening on port \" + process.env.PORT);","local.http.createServer(function (request, response) {","    request.urlParsed = local.url.parse(request.url);","    if (local.assetsDict[request.urlParsed.pathname] !== undefined) {","        response.end(local.assetsDict[request.urlParsed.pathname]);","        return;","    }","    response.statusCode = 404;","    response.end();","}).listen(process.env.PORT);","}());","","","","}());"],"l":{"132":2,"134":2,"135":2,"137":2,"138":2,"139":2,"142":2,"144":2,"145":1,"146":1,"151":1,"152":1,"154":1,"155":1,"156":1,"157":1,"159":1,"163":2,"164":2,"165":2,"167":2,"175":2,"179":1,"180":1,"181":1,"183":1,"200":1,"202":2,"208":1,"210":2,"214":1,"216":2,"220":1,"222":2,"228":1,"229":1,"234":1,"237":1,"240":2,"241":1,"242":1,"243":1,"244":1,"245":1,"246":1,"247":1,"248":1,"249":1,"250":1,"251":1,"252":1,"253":1,"254":1,"255":1,"256":1,"257":1,"258":1,"259":1,"260":1,"261":1,"262":1,"263":1,"264":1,"265":1,"266":1,"267":1,"273":2,"279":2,"281":2,"287":2,"294":2,"295":2,"296":1,"299":1,"300":2,"301":2,"302":2,"303":2,"306":2,"307":1,"309":2,"310":2,"311":6,"312":6,"314":6,"315":6,"324":6,"327":1,"328":1,"329":1,"332":1,"336":1,"348":1,"351":1,"357":1,"365":1,"368":1,"374":1,"377":1,"380":1,"383":1,"386":1,"387":1,"388":1,"391":1,"394":1,"400":1,"409":2,"410":2,"411":1,"414":1,"417":1,"418":1,"423":3,"424":3,"425":3,"426":1,"433":1,"881":1,"887":1,"891":6,"893":1,"895":2,"897":1,"899":2,"901":1,"904":1,"905":1,"907":1,"908":1,"911":1,"915":1,"918":1,"919":1,"922":1,"923":1,"925":1,"926":1,"927":1,"928":1,"929":1,"930":1,"931":1,"933":1,"934":1}}}