{"/home/travis/build/kaizhu256/node-swagger-validate-lite/test.js":{"path":"/home/travis/build/kaizhu256/node-swagger-validate-lite/test.js","s":{"1":2,"2":2,"3":2,"4":2,"5":2,"6":2,"7":2,"8":1,"9":2,"10":2,"11":2,"12":2,"13":2,"14":2,"15":1,"16":1,"17":1,"18":1},"b":{"1":[2,1,1,1],"2":[1,1,1,1],"3":[1,1],"4":[2,1],"5":[1,1]},"f":{"1":2,"2":2,"3":2,"4":2,"5":2},"fnMap":{"1":{"name":"(anonymous_1)","line":12,"loc":{"start":{"line":12,"column":1},"end":{"line":12,"column":13}}},"2":{"name":"(anonymous_2)","line":19,"loc":{"start":{"line":19,"column":5},"end":{"line":19,"column":17}}},"3":{"name":"(anonymous_3)","line":23,"loc":{"start":{"line":23,"column":24},"end":{"line":23,"column":36}}},"4":{"name":"(anonymous_4)","line":50,"loc":{"start":{"line":50,"column":5},"end":{"line":50,"column":17}}},"5":{"name":"(anonymous_5)","line":51,"loc":{"start":{"line":51,"column":45},"end":{"line":51,"column":73}}}},"statementMap":{"1":{"start":{"line":12,"column":0},"end":{"line":66,"column":5}},"2":{"start":{"line":14,"column":4},"end":{"line":14,"column":14}},"3":{"start":{"line":19,"column":4},"end":{"line":45,"column":9}},"4":{"start":{"line":21,"column":8},"end":{"line":21,"column":19}},"5":{"start":{"line":23,"column":8},"end":{"line":35,"column":13}},"6":{"start":{"line":24,"column":12},"end":{"line":34,"column":13}},"7":{"start":{"line":25,"column":16},"end":{"line":28,"column":30}},"8":{"start":{"line":30,"column":16},"end":{"line":33,"column":27}},"9":{"start":{"line":37,"column":8},"end":{"line":39,"column":21}},"10":{"start":{"line":41,"column":8},"end":{"line":42,"column":68}},"11":{"start":{"line":44,"column":8},"end":{"line":44,"column":33}},"12":{"start":{"line":50,"column":4},"end":{"line":65,"column":9}},"13":{"start":{"line":51,"column":8},"end":{"line":64,"column":10}},"14":{"start":{"line":55,"column":12},"end":{"line":58,"column":13}},"15":{"start":{"line":56,"column":16},"end":{"line":56,"column":39}},"16":{"start":{"line":57,"column":16},"end":{"line":57,"column":23}},"17":{"start":{"line":59,"column":12},"end":{"line":62,"column":16}},"18":{"start":{"line":63,"column":12},"end":{"line":63,"column":48}}},"branchMap":{"1":{"line":25,"type":"binary-expr","locations":[{"start":{"line":25,"column":23},"end":{"line":25,"column":62}},{"start":{"line":26,"column":20},"end":{"line":26,"column":70}},{"start":{"line":27,"column":20},"end":{"line":27,"column":71}},{"start":{"line":28,"column":20},"end":{"line":28,"column":29}}]},"2":{"line":30,"type":"binary-expr","locations":[{"start":{"line":30,"column":23},"end":{"line":30,"column":37}},{"start":{"line":31,"column":20},"end":{"line":31,"column":61}},{"start":{"line":32,"column":20},"end":{"line":32,"column":70}},{"start":{"line":33,"column":20},"end":{"line":33,"column":26}}]},"3":{"line":37,"type":"cond-expr","locations":[{"start":{"line":38,"column":14},"end":{"line":38,"column":20}},{"start":{"line":39,"column":14},"end":{"line":39,"column":20}}]},"4":{"line":41,"type":"binary-expr","locations":[{"start":{"line":41,"column":38},"end":{"line":41,"column":59}},{"start":{"line":42,"column":12},"end":{"line":42,"column":50}}]},"5":{"line":55,"type":"if","locations":[{"start":{"line":55,"column":12},"end":{"line":55,"column":12}},{"start":{"line":55,"column":12},"end":{"line":55,"column":12}}]}},"code":["/* istanbul instrument in package swagger_validate */","/*jslint","    bitwise: true,","    browser: true,","    maxerr: 8,","    maxlen: 100,","    node: true,","    nomen: true,","    regexp: true,","    stupid: true","*/","(function () {","    'use strict';","    var local;","","","","    // run shared js-env code - init-before","    (function () {","        // init local","        local = {};","        // init modeJs","        local.modeJs = (function () {","            try {","                return typeof navigator.userAgent === 'string' &&","                    typeof document.querySelector('body') === 'object' &&","                    typeof XMLHttpRequest.prototype.open === 'function' &&","                    'browser';","            } catch (errorCaughtBrowser) {","                return module.exports &&","                    typeof process.versions.node === 'string' &&","                    typeof require('http').createServer === 'function' &&","                    'node';","            }","        }());","        // init global","        local.global = local.modeJs === 'browser'","            ? window","            : global;","        // re-init local","        local = local.global.local = (local.global.utility2 ||","            require('./assets.utility2.rollup.js')).requireReadme();","        // init test","        local.testRunInit(local);","    }());","","","","    // run shared js-env code - function","    (function () {","        local.testCase_buildApidoc_default = function (options, onError) {","        /*","         * this function will test buildApidoc's default handling-behavior-behavior","         */","            if (local.modeJs !== 'node') {","                onError(null, options);","                return;","            }","            options = { whitelistDict: {","                swaggerValidateFile: true,","                validateBySwaggerJson: true","            } };","            local.buildApidoc(options, onError);","        };","    }());","}());",""],"l":{"12":2,"14":2,"19":2,"21":2,"23":2,"24":2,"25":2,"30":1,"37":2,"41":2,"44":2,"50":2,"51":2,"55":2,"56":1,"57":1,"59":1,"63":1}},"/home/travis/build/kaizhu256/node-swagger-validate-lite/lib.swagger_validate.js":{"path":"/home/travis/build/kaizhu256/node-swagger-validate-lite/lib.swagger_validate.js","s":{"1":2,"2":2,"3":2,"4":2,"5":2,"6":2,"7":2,"8":1,"9":2,"10":2,"11":2,"12":2,"13":2,"14":2,"15":1,"16":1,"17":83,"18":1,"19":1,"20":1,"21":2,"22":2,"23":2,"24":0,"25":0,"26":0,"27":0,"28":0,"29":0,"30":0,"31":0,"32":0,"33":0,"34":0,"35":0,"36":0,"37":0,"38":0,"39":0,"40":0,"41":0,"42":0,"43":0,"44":0,"45":0,"46":0,"47":0,"48":0,"49":0,"50":0,"51":0,"52":0,"53":0,"54":0,"55":0,"56":0,"57":0,"58":0,"59":0,"60":0,"61":0,"62":0,"63":0,"64":0,"65":0,"66":0,"67":0,"68":0,"69":0,"70":0,"71":0,"72":0,"73":0,"74":0,"75":0,"76":2,"77":1,"78":1,"79":0,"80":0,"81":0,"82":0,"83":0,"84":0,"85":0},"b":{"1":[2,1,1,1],"2":[1,1,1,1],"3":[1,1],"4":[2,2],"5":[2,0],"6":[2,2,0],"7":[1,1],"8":[1,82],"9":[83,51],"10":[0,0],"11":[0,0],"12":[0,0],"13":[0,0],"14":[0,0],"15":[0,0],"16":[0,0],"17":[0,0],"18":[0,0],"19":[0,0],"20":[0,0],"21":[0,0],"22":[0,0],"23":[0,0],"24":[0,0],"25":[0,0],"26":[0,0],"27":[0,0],"28":[0,0],"29":[0,0],"30":[0,0],"31":[1],"32":[1,0],"33":[1,0]},"f":{"1":2,"2":2,"3":2,"4":83,"5":2,"6":0,"7":0,"8":0,"9":0,"10":0,"11":0,"12":0,"13":0,"14":0,"15":0,"16":0,"17":0,"18":0,"19":0},"fnMap":{"1":{"name":"(anonymous_1)","line":13,"loc":{"start":{"line":13,"column":1},"end":{"line":13,"column":13}}},"2":{"name":"(anonymous_2)","line":20,"loc":{"start":{"line":20,"column":5},"end":{"line":20,"column":17}}},"3":{"name":"(anonymous_3)","line":24,"loc":{"start":{"line":24,"column":24},"end":{"line":24,"column":36}}},"4":{"name":"(anonymous_4)","line":55,"loc":{"start":{"line":55,"column":60},"end":{"line":55,"column":75}}},"5":{"name":"(anonymous_5)","line":71,"loc":{"start":{"line":71,"column":5},"end":{"line":71,"column":17}},"skip":true},"6":{"name":"(anonymous_6)","line":72,"loc":{"start":{"line":72,"column":23},"end":{"line":72,"column":38}},"skip":true},"7":{"name":"(anonymous_7)","line":77,"loc":{"start":{"line":77,"column":18},"end":{"line":77,"column":30}},"skip":true},"8":{"name":"(anonymous_8)","line":83,"loc":{"start":{"line":83,"column":57},"end":{"line":83,"column":69}},"skip":true},"9":{"name":"(anonymous_9)","line":93,"loc":{"start":{"line":93,"column":57},"end":{"line":93,"column":69}},"skip":true},"10":{"name":"(anonymous_10)","line":102,"loc":{"start":{"line":102,"column":58},"end":{"line":102,"column":77}},"skip":true},"11":{"name":"(anonymous_11)","line":110,"loc":{"start":{"line":110,"column":54},"end":{"line":110,"column":66}},"skip":true},"12":{"name":"(anonymous_12)","line":120,"loc":{"start":{"line":120,"column":39},"end":{"line":120,"column":61}},"skip":true},"13":{"name":"(anonymous_13)","line":124,"loc":{"start":{"line":124,"column":28},"end":{"line":124,"column":46}},"skip":true},"14":{"name":"(anonymous_14)","line":132,"loc":{"start":{"line":132,"column":31},"end":{"line":132,"column":54}},"skip":true},"15":{"name":"(anonymous_15)","line":133,"loc":{"start":{"line":133,"column":39},"end":{"line":133,"column":61}},"skip":true},"16":{"name":"(anonymous_16)","line":149,"loc":{"start":{"line":149,"column":71},"end":{"line":149,"column":83}},"skip":true},"17":{"name":"(anonymous_17)","line":163,"loc":{"start":{"line":163,"column":25},"end":{"line":163,"column":37}},"skip":true},"18":{"name":"(anonymous_18)","line":185,"loc":{"start":{"line":185,"column":33},"end":{"line":185,"column":45}},"skip":true},"19":{"name":"(anonymous_19)","line":190,"loc":{"start":{"line":190,"column":65},"end":{"line":190,"column":88}},"skip":true}},"statementMap":{"1":{"start":{"line":13,"column":0},"end":{"line":198,"column":5}},"2":{"start":{"line":15,"column":4},"end":{"line":15,"column":14}},"3":{"start":{"line":20,"column":4},"end":{"line":65,"column":9}},"4":{"start":{"line":22,"column":8},"end":{"line":22,"column":19}},"5":{"start":{"line":24,"column":8},"end":{"line":36,"column":13}},"6":{"start":{"line":25,"column":12},"end":{"line":35,"column":13}},"7":{"start":{"line":26,"column":16},"end":{"line":29,"column":30}},"8":{"start":{"line":31,"column":16},"end":{"line":34,"column":27}},"9":{"start":{"line":38,"column":8},"end":{"line":40,"column":21}},"10":{"start":{"line":42,"column":8},"end":{"line":42,"column":54}},"11":{"start":{"line":44,"column":8},"end":{"line":49,"column":9},"skip":true},"12":{"start":{"line":45,"column":12},"end":{"line":47,"column":55},"skip":true},"13":{"start":{"line":48,"column":12},"end":{"line":48,"column":28},"skip":true},"14":{"start":{"line":51,"column":8},"end":{"line":62,"column":9}},"15":{"start":{"line":52,"column":12},"end":{"line":52,"column":59}},"16":{"start":{"line":55,"column":12},"end":{"line":59,"column":15}},"17":{"start":{"line":56,"column":16},"end":{"line":58,"column":17}},"18":{"start":{"line":57,"column":20},"end":{"line":57,"column":46}},"19":{"start":{"line":60,"column":12},"end":{"line":60,"column":35}},"20":{"start":{"line":61,"column":12},"end":{"line":61,"column":49}},"21":{"start":{"line":64,"column":8},"end":{"line":64,"column":53}},"22":{"start":{"line":71,"column":4},"end":{"line":172,"column":9},"skip":true},"23":{"start":{"line":72,"column":8},"end":{"line":171,"column":10},"skip":true},"24":{"start":{"line":76,"column":12},"end":{"line":76,"column":20},"skip":true},"25":{"start":{"line":77,"column":12},"end":{"line":82,"column":14},"skip":true},"26":{"start":{"line":81,"column":16},"end":{"line":81,"column":23},"skip":true},"27":{"start":{"line":83,"column":12},"end":{"line":90,"column":14},"skip":true},"28":{"start":{"line":88,"column":16},"end":{"line":88,"column":43},"skip":true},"29":{"start":{"line":89,"column":16},"end":{"line":89,"column":64},"skip":true},"30":{"start":{"line":91,"column":12},"end":{"line":91,"column":85},"skip":true},"31":{"start":{"line":92,"column":12},"end":{"line":92,"column":77},"skip":true},"32":{"start":{"line":93,"column":12},"end":{"line":144,"column":14},"skip":true},"33":{"start":{"line":98,"column":16},"end":{"line":98,"column":58},"skip":true},"34":{"start":{"line":99,"column":16},"end":{"line":99,"column":30},"skip":true},"35":{"start":{"line":100,"column":16},"end":{"line":100,"column":72},"skip":true},"36":{"start":{"line":101,"column":16},"end":{"line":101,"column":72},"skip":true},"37":{"start":{"line":102,"column":16},"end":{"line":123,"column":19},"skip":true},"38":{"start":{"line":103,"column":20},"end":{"line":105,"column":21},"skip":true},"39":{"start":{"line":104,"column":24},"end":{"line":104,"column":31},"skip":true},"40":{"start":{"line":106,"column":20},"end":{"line":107,"column":76},"skip":true},"41":{"start":{"line":108,"column":20},"end":{"line":108,"column":91},"skip":true},"42":{"start":{"line":110,"column":20},"end":{"line":112,"column":26},"skip":true},"43":{"start":{"line":111,"column":24},"end":{"line":111,"column":58},"skip":true},"44":{"start":{"line":113,"column":20},"end":{"line":118,"column":22},"skip":true},"45":{"start":{"line":119,"column":20},"end":{"line":119,"column":41},"skip":true},"46":{"start":{"line":120,"column":20},"end":{"line":122,"column":23},"skip":true},"47":{"start":{"line":121,"column":24},"end":{"line":121,"column":78},"skip":true},"48":{"start":{"line":124,"column":16},"end":{"line":128,"column":19},"skip":true},"49":{"start":{"line":125,"column":20},"end":{"line":127,"column":28},"skip":true},"50":{"start":{"line":129,"column":16},"end":{"line":129,"column":76},"skip":true},"51":{"start":{"line":130,"column":16},"end":{"line":131,"column":56},"skip":true},"52":{"start":{"line":132,"column":16},"end":{"line":143,"column":19},"skip":true},"53":{"start":{"line":133,"column":20},"end":{"line":137,"column":23},"skip":true},"54":{"start":{"line":134,"column":24},"end":{"line":136,"column":25},"skip":true},"55":{"start":{"line":135,"column":28},"end":{"line":135,"column":47},"skip":true},"56":{"start":{"line":138,"column":20},"end":{"line":138,"column":64},"skip":true},"57":{"start":{"line":139,"column":20},"end":{"line":141,"column":21},"skip":true},"58":{"start":{"line":140,"column":24},"end":{"line":140,"column":63},"skip":true},"59":{"start":{"line":142,"column":20},"end":{"line":142,"column":41},"skip":true},"60":{"start":{"line":145,"column":12},"end":{"line":145,"column":85},"skip":true},"61":{"start":{"line":146,"column":12},"end":{"line":146,"column":77},"skip":true},"62":{"start":{"line":147,"column":12},"end":{"line":147,"column":83},"skip":true},"63":{"start":{"line":148,"column":12},"end":{"line":148,"column":75},"skip":true},"64":{"start":{"line":149,"column":12},"end":{"line":156,"column":14},"skip":true},"65":{"start":{"line":154,"column":16},"end":{"line":154,"column":43},"skip":true},"66":{"start":{"line":155,"column":16},"end":{"line":155,"column":34},"skip":true},"67":{"start":{"line":157,"column":12},"end":{"line":161,"column":13},"skip":true},"68":{"start":{"line":158,"column":16},"end":{"line":159,"column":47},"skip":true},"69":{"start":{"line":160,"column":16},"end":{"line":160,"column":88},"skip":true},"70":{"start":{"line":163,"column":12},"end":{"line":169,"column":14},"skip":true},"71":{"start":{"line":164,"column":16},"end":{"line":167,"column":17},"skip":true},"72":{"start":{"line":165,"column":20},"end":{"line":165,"column":53},"skip":true},"73":{"start":{"line":166,"column":20},"end":{"line":166,"column":27},"skip":true},"74":{"start":{"line":168,"column":16},"end":{"line":168,"column":41},"skip":true},"75":{"start":{"line":170,"column":12},"end":{"line":170,"column":18},"skip":true},"76":{"start":{"line":173,"column":4},"end":{"line":197,"column":5}},"77":{"start":{"line":181,"column":8},"end":{"line":183,"column":9},"skip":true},"78":{"start":{"line":182,"column":12},"end":{"line":182,"column":18},"skip":true},"79":{"start":{"line":184,"column":8},"end":{"line":184,"column":27},"skip":true},"80":{"start":{"line":185,"column":8},"end":{"line":194,"column":10},"skip":true},"81":{"start":{"line":190,"column":12},"end":{"line":193,"column":15},"skip":true},"82":{"start":{"line":191,"column":16},"end":{"line":191,"column":36},"skip":true},"83":{"start":{"line":192,"column":16},"end":{"line":192,"column":36},"skip":true},"84":{"start":{"line":195,"column":8},"end":{"line":195,"column":23},"skip":true},"85":{"start":{"line":196,"column":8},"end":{"line":196,"column":14},"skip":true}},"branchMap":{"1":{"line":26,"type":"binary-expr","locations":[{"start":{"line":26,"column":23},"end":{"line":26,"column":62}},{"start":{"line":27,"column":20},"end":{"line":27,"column":70}},{"start":{"line":28,"column":20},"end":{"line":28,"column":71}},{"start":{"line":29,"column":20},"end":{"line":29,"column":29}}]},"2":{"line":31,"type":"binary-expr","locations":[{"start":{"line":31,"column":23},"end":{"line":31,"column":37}},{"start":{"line":32,"column":20},"end":{"line":32,"column":61}},{"start":{"line":33,"column":20},"end":{"line":33,"column":70}},{"start":{"line":34,"column":20},"end":{"line":34,"column":26}}]},"3":{"line":38,"type":"cond-expr","locations":[{"start":{"line":39,"column":14},"end":{"line":39,"column":20}},{"start":{"line":40,"column":14},"end":{"line":40,"column":20}}]},"4":{"line":42,"type":"binary-expr","locations":[{"start":{"line":42,"column":16},"end":{"line":42,"column":44}},{"start":{"line":42,"column":48},"end":{"line":42,"column":53}}]},"5":{"line":44,"type":"if","locations":[{"start":{"line":44,"column":8},"end":{"line":44,"column":8},"skip":true},{"start":{"line":44,"column":8},"end":{"line":44,"column":8},"skip":true}]},"6":{"line":45,"type":"binary-expr","locations":[{"start":{"line":45,"column":20},"end":{"line":45,"column":48},"skip":true},{"start":{"line":46,"column":16},"end":{"line":46,"column":48},"skip":true},{"start":{"line":47,"column":16},"end":{"line":47,"column":54},"skip":true}]},"7":{"line":51,"type":"if","locations":[{"start":{"line":51,"column":8},"end":{"line":51,"column":8}},{"start":{"line":51,"column":8},"end":{"line":51,"column":8}}]},"8":{"line":56,"type":"if","locations":[{"start":{"line":56,"column":16},"end":{"line":56,"column":16}},{"start":{"line":56,"column":16},"end":{"line":56,"column":16}}]},"9":{"line":56,"type":"binary-expr","locations":[{"start":{"line":56,"column":20},"end":{"line":56,"column":31}},{"start":{"line":56,"column":35},"end":{"line":56,"column":61}}]},"10":{"line":83,"type":"binary-expr","locations":[{"start":{"line":83,"column":34},"end":{"line":83,"column":53},"skip":true},{"start":{"line":83,"column":57},"end":{"line":90,"column":13},"skip":true}]},"11":{"line":91,"type":"binary-expr","locations":[{"start":{"line":91,"column":38},"end":{"line":91,"column":61},"skip":true},{"start":{"line":91,"column":65},"end":{"line":91,"column":84},"skip":true}]},"12":{"line":92,"type":"binary-expr","locations":[{"start":{"line":92,"column":34},"end":{"line":92,"column":53},"skip":true},{"start":{"line":92,"column":57},"end":{"line":92,"column":76},"skip":true}]},"13":{"line":93,"type":"binary-expr","locations":[{"start":{"line":93,"column":34},"end":{"line":93,"column":53},"skip":true},{"start":{"line":93,"column":57},"end":{"line":144,"column":13},"skip":true}]},"14":{"line":103,"type":"if","locations":[{"start":{"line":103,"column":20},"end":{"line":103,"column":20},"skip":true},{"start":{"line":103,"column":20},"end":{"line":103,"column":20},"skip":true}]},"15":{"line":103,"type":"binary-expr","locations":[{"start":{"line":103,"column":24},"end":{"line":103,"column":38},"skip":true},{"start":{"line":103,"column":42},"end":{"line":103,"column":60},"skip":true}]},"16":{"line":107,"type":"binary-expr","locations":[{"start":{"line":107,"column":24},"end":{"line":107,"column":63},"skip":true},{"start":{"line":107,"column":68},"end":{"line":107,"column":74},"skip":true}]},"17":{"line":110,"type":"binary-expr","locations":[{"start":{"line":110,"column":24},"end":{"line":110,"column":49},"skip":true},{"start":{"line":110,"column":54},"end":{"line":112,"column":23},"skip":true}]},"18":{"line":111,"type":"binary-expr","locations":[{"start":{"line":111,"column":34},"end":{"line":111,"column":41},"skip":true},{"start":{"line":111,"column":45},"end":{"line":111,"column":57},"skip":true}]},"19":{"line":125,"type":"cond-expr","locations":[{"start":{"line":126,"column":26},"end":{"line":126,"column":28},"skip":true},{"start":{"line":127,"column":26},"end":{"line":127,"column":27},"skip":true}]},"20":{"line":139,"type":"if","locations":[{"start":{"line":139,"column":20},"end":{"line":139,"column":20},"skip":true},{"start":{"line":139,"column":20},"end":{"line":139,"column":20},"skip":true}]},"21":{"line":145,"type":"binary-expr","locations":[{"start":{"line":145,"column":38},"end":{"line":145,"column":61},"skip":true},{"start":{"line":145,"column":65},"end":{"line":145,"column":84},"skip":true}]},"22":{"line":146,"type":"binary-expr","locations":[{"start":{"line":146,"column":34},"end":{"line":146,"column":53},"skip":true},{"start":{"line":146,"column":57},"end":{"line":146,"column":76},"skip":true}]},"23":{"line":147,"type":"binary-expr","locations":[{"start":{"line":147,"column":37},"end":{"line":147,"column":59},"skip":true},{"start":{"line":147,"column":63},"end":{"line":147,"column":82},"skip":true}]},"24":{"line":148,"type":"binary-expr","locations":[{"start":{"line":148,"column":33},"end":{"line":148,"column":51},"skip":true},{"start":{"line":148,"column":55},"end":{"line":148,"column":74},"skip":true}]},"25":{"line":149,"type":"binary-expr","locations":[{"start":{"line":149,"column":41},"end":{"line":149,"column":67},"skip":true},{"start":{"line":149,"column":71},"end":{"line":156,"column":13},"skip":true}]},"26":{"line":157,"type":"if","locations":[{"start":{"line":157,"column":12},"end":{"line":157,"column":12},"skip":true},{"start":{"line":157,"column":12},"end":{"line":157,"column":12},"skip":true}]},"27":{"line":158,"type":"binary-expr","locations":[{"start":{"line":158,"column":49},"end":{"line":158,"column":79},"skip":true},{"start":{"line":159,"column":20},"end":{"line":159,"column":46},"skip":true}]},"28":{"line":160,"type":"binary-expr","locations":[{"start":{"line":160,"column":38},"end":{"line":160,"column":57},"skip":true},{"start":{"line":160,"column":61},"end":{"line":160,"column":87},"skip":true}]},"29":{"line":163,"type":"binary-expr","locations":[{"start":{"line":163,"column":18},"end":{"line":163,"column":21},"skip":true},{"start":{"line":163,"column":25},"end":{"line":169,"column":13},"skip":true}]},"30":{"line":164,"type":"if","locations":[{"start":{"line":164,"column":16},"end":{"line":164,"column":16},"skip":true},{"start":{"line":164,"column":16},"end":{"line":164,"column":16},"skip":true}]},"31":{"line":173,"type":"switch","locations":[{"start":{"line":179,"column":4},"end":{"line":196,"column":14},"skip":true}]},"32":{"line":181,"type":"if","locations":[{"start":{"line":181,"column":8},"end":{"line":181,"column":8},"skip":true},{"start":{"line":181,"column":8},"end":{"line":181,"column":8},"skip":true}]},"33":{"line":181,"type":"binary-expr","locations":[{"start":{"line":181,"column":12},"end":{"line":181,"column":35},"skip":true},{"start":{"line":181,"column":39},"end":{"line":181,"column":67},"skip":true}]}},"code":["//#!/usr/bin/env node","/* istanbul instrument in package swagger_validate */","/*jslint","    bitwise: true,","    browser: true,","    maxerr: 8,","    maxlen: 100,","    node: true,","    nomen: true,","    regexp: true,","    stupid: true","*/","(function () {","    'use strict';","    var local;","","","","    // run shared js-env code - init-before","    (function () {","        // init local","        local = {};","        // init modeJs","        local.modeJs = (function () {","            try {","                return typeof navigator.userAgent === 'string' &&","                    typeof document.querySelector('body') === 'object' &&","                    typeof XMLHttpRequest.prototype.open === 'function' &&","                    'browser';","            } catch (errorCaughtBrowser) {","                return module.exports &&","                    typeof process.versions.node === 'string' &&","                    typeof require('http').createServer === 'function' &&","                    'node';","            }","        }());","        // init global","        local.global = local.modeJs === 'browser'","            ? window","            : global;","        // init utility2_rollup","        local = local.global.utility2_rollup || local;","        /* istanbul ignore next */","        if (local) {","            local = local.global.utility2_rollup ||","                local.global.utility2_rollup_old ||","                require('./assets.utility2.rollup.js');","            local.fs = null;","        }","        // init exports","        if (local.modeJs === 'browser') {","            local.global.utility2_swagger_validate = local;","        } else {","            // require builtins","            Object.keys(process.binding('natives')).forEach(function (key) {","                if (!local[key] && !(/\\/|^_|^sys$/).test(key)) {","                    local[key] = require(key);","                }","            });","            module.exports = local;","            module.exports.__dirname = __dirname;","        }","        // init lib","        local.local = local.swagger_validate = local;","    }());","","","","    // run shared js-env code - function-before","    /* istanbul ignore next */","    (function () {","        local.cliRun = function (fnc) {","        /*","         * this function will run the cli","         */","            var nop;","            nop = function () {","            /*","             * this function will do nothing","             */","                return;","            };","            local.cliDict._eval = local.cliDict._eval || function () {","            /*","             * code","             * eval code","             */","                local.global.local = local;","                require('vm').runInThisContext(process.argv[3]);","            };","            local.cliDict['--eval'] = local.cliDict['--eval'] || local.cliDict._eval;","            local.cliDict['-e'] = local.cliDict['-e'] || local.cliDict._eval;","            local.cliDict._help = local.cliDict._help || function () {","            /*","             * [none]","             * print help","             */","                var element, result, lengthList, sortDict;","                sortDict = {};","                result = [['[command]', '[args]', '[description]', -1]];","                lengthList = [result[0][0].length, result[0][1].length];","                Object.keys(local.cliDict).sort().forEach(function (key, ii) {","                    if (key[0] === '_' && key !== '_default') {","                        return;","                    }","                    sortDict[local.cliDict[key].toString()] =","                        sortDict[local.cliDict[key].toString()] || (ii + 1);","                    element = (/\\n +\\*(.*)\\n +\\*(.*)/).exec(local.cliDict[key].toString());","                    // coverage-hack - ignore else-statement","                    nop(local.global.__coverage__ && (function () {","                        element = element || ['', '', ''];","                    }()));","                    element = [","                        key.replace('_default', '[none]') + ' ',","                        element[1].trim() + ' ',","                        element[2].trim(),","                        (sortDict[local.cliDict[key].toString()] << 8) + ii","                    ];","                    result.push(element);","                    lengthList.forEach(function (length, jj) {","                        lengthList[jj] = Math.max(element[jj].length, length);","                    });","                });","                result.sort(function (aa, bb) {","                    return aa[3] < bb[3]","                        ? -1","                        : 1;","                });","                console.log('usage:   ' + __filename + ' [command] [args]');","                console.log('example: ' + __filename + ' --eval    ' +","                    '\"console.log(\\'hello world\\')\"\\n');","                result.forEach(function (element, ii) {","                    lengthList.forEach(function (length, jj) {","                        while (element[jj].length < length) {","                            element[jj] += '-';","                        }","                    });","                    element = element.slice(0, 3).join('---- ');","                    if (ii === 0) {","                        element = element.replace((/-/g), ' ');","                    }","                    console.log(element);","                });","            };","            local.cliDict['--help'] = local.cliDict['--help'] || local.cliDict._help;","            local.cliDict['-h'] = local.cliDict['-h'] || local.cliDict._help;","            local.cliDict._default = local.cliDict._default || local.cliDict._help;","            local.cliDict.help = local.cliDict.help || local.cliDict._help;","            local.cliDict._interactive = local.cliDict._interactive || function () {","            /*","             * [none]","             * start interactive-mode","             */","                local.global.local = local;","                local.replStart();","            };","            if (local.replStart) {","                local.cliDict['--interactive'] = local.cliDict['--interactive'] ||","                    local.cliDict._interactive;","                local.cliDict['-i'] = local.cliDict['-i'] || local.cliDict._interactive;","            }","            // run fnc()","            fnc = fnc || function () {","                if (local.cliDict[process.argv[2]]) {","                    local.cliDict[process.argv[2]]();","                    return;","                }","                local.cliDict._default();","            };","            fnc();","        };","    }());","    switch (local.modeJs) {","","","","    // run node js-env code - init-after","    /* istanbul ignore next */","    case 'node':","        // init cli","        if (module !== require.main || local.global.utility2_rollup) {","            break;","        }","        local.cliDict = {};","        local.cliDict._default = function () {","        /*","         * file/url","         * swagger-validate file/url","         */","            local.swaggerValidateFile({ file: process.argv[2] }, function (error, data) {","                console.error(data);","                process.exit(error);","            });","        };","        local.cliRun();","        break;","    }","}());",""],"l":{"13":2,"15":2,"20":2,"22":2,"24":2,"25":2,"26":2,"31":1,"38":2,"42":2,"44":2,"45":2,"48":2,"51":2,"52":1,"55":1,"56":83,"57":1,"60":1,"61":1,"64":2,"71":2,"72":2,"76":1,"77":1,"81":1,"83":1,"88":1,"89":1,"91":1,"92":1,"93":1,"98":1,"99":1,"100":1,"101":1,"102":1,"103":1,"104":1,"106":1,"108":1,"110":1,"111":1,"113":1,"119":1,"120":1,"121":1,"124":1,"125":1,"129":1,"130":1,"132":1,"133":1,"134":1,"135":1,"138":1,"139":1,"140":1,"142":1,"145":1,"146":1,"147":1,"148":1,"149":1,"154":1,"155":1,"157":1,"158":1,"160":1,"163":1,"164":1,"165":1,"166":1,"168":1,"170":1,"173":2,"181":1,"182":1,"184":1,"185":1,"190":1,"191":1,"192":1,"195":1,"196":1}},"/home/travis/build/kaizhu256/node-swagger-validate-lite/example.js":{"path":"/home/travis/build/kaizhu256/node-swagger-validate-lite/example.js","s":{"1":2,"2":2,"3":2,"4":2,"5":2,"6":2,"7":2,"8":1,"9":2,"10":2,"11":2,"12":2,"13":1,"14":2,"15":2,"16":0,"17":0,"18":0,"19":0,"20":2,"21":1,"22":1,"23":1,"24":1,"25":1,"26":0,"27":0,"28":1,"29":1,"30":1,"31":1,"32":1,"33":2,"34":0,"35":0,"36":0,"37":1,"38":2,"39":2,"40":10,"41":10,"42":10,"43":10,"44":10,"45":0,"46":0,"47":0,"48":1,"49":3,"50":2,"51":1,"52":1,"53":1,"54":1,"55":83,"56":0,"57":1,"58":1,"59":1,"60":4,"61":4,"62":4,"63":0,"64":1,"65":6,"66":6,"67":1,"68":2,"69":0,"70":2,"71":1,"72":1,"73":1,"74":0,"75":0,"76":0,"77":0,"78":0,"79":0,"80":0,"81":0,"82":0,"83":0,"84":0,"85":0,"86":0,"87":0,"88":0,"89":0,"90":0},"b":{"1":[2,1,1,1],"2":[1,1,1,1],"3":[1,1],"4":[2,2],"5":[1,1],"6":[1,1],"7":[2,0],"8":[2,1,1,1,1,1],"9":[0,0,0],"10":[1,1],"11":[2,1,1],"12":[1,0],"13":[0,1],"14":[0,2],"15":[2,0,0,0,0,0,0],"16":[10,0],"17":[0,0],"18":[0,83],"19":[83,50],"20":[1,0],"21":[4,3],"22":[0,4],"23":[1,2,0,2,1],"24":[1,0],"25":[1,0],"26":[0,0],"27":[0,0],"28":[0,0],"29":[0,0],"30":[0,0],"31":[0,0],"32":[0,0]},"f":{"1":2,"2":2,"3":2,"4":2,"5":0,"6":1,"7":2,"8":10,"9":0,"10":3,"11":2,"12":83,"13":4,"14":6,"15":0},"fnMap":{"1":{"name":"(anonymous_1)","line":142,"loc":{"start":{"line":142,"column":1},"end":{"line":142,"column":13}}},"2":{"name":"(anonymous_2)","line":149,"loc":{"start":{"line":149,"column":5},"end":{"line":149,"column":17}}},"3":{"name":"(anonymous_3)","line":153,"loc":{"start":{"line":153,"column":24},"end":{"line":153,"column":36}}},"4":{"name":"(anonymous_4)","line":184,"loc":{"start":{"line":184,"column":31},"end":{"line":184,"column":48}},"skip":true},"5":{"name":"(anonymous_5)","line":193,"loc":{"start":{"line":193,"column":26},"end":{"line":193,"column":45}},"skip":true},"6":{"name":"(anonymous_6)","line":224,"loc":{"start":{"line":224,"column":19},"end":{"line":224,"column":42}},"skip":true},"7":{"name":"(anonymous_7)","line":247,"loc":{"start":{"line":247,"column":33},"end":{"line":247,"column":48}},"skip":true},"8":{"name":"(anonymous_8)","line":249,"loc":{"start":{"line":249,"column":27},"end":{"line":249,"column":39}},"skip":true},"9":{"name":"(anonymous_9)","line":257,"loc":{"start":{"line":257,"column":59},"end":{"line":257,"column":74}},"skip":true},"10":{"name":"(anonymous_10)","line":267,"loc":{"start":{"line":267,"column":45},"end":{"line":267,"column":62}},"skip":true},"11":{"name":"(anonymous_11)","line":268,"loc":{"start":{"line":268,"column":73},"end":{"line":268,"column":92}},"skip":true},"12":{"name":"(anonymous_12)","line":284,"loc":{"start":{"line":284,"column":56},"end":{"line":284,"column":71}},"skip":true},"13":{"name":"(anonymous_13)","line":488,"loc":{"start":{"line":488,"column":18},"end":{"line":488,"column":34}},"skip":true},"14":{"name":"(anonymous_14)","line":501,"loc":{"start":{"line":501,"column":47},"end":{"line":501,"column":73}},"skip":true},"15":{"name":"(anonymous_15)","line":545,"loc":{"start":{"line":545,"column":32},"end":{"line":545,"column":61}},"skip":true}},"statementMap":{"1":{"start":{"line":142,"column":0},"end":{"line":556,"column":5}},"2":{"start":{"line":144,"column":4},"end":{"line":144,"column":14}},"3":{"start":{"line":149,"column":4},"end":{"line":176,"column":9}},"4":{"start":{"line":151,"column":8},"end":{"line":151,"column":19}},"5":{"start":{"line":153,"column":8},"end":{"line":165,"column":13}},"6":{"start":{"line":154,"column":12},"end":{"line":164,"column":13}},"7":{"start":{"line":155,"column":16},"end":{"line":158,"column":30}},"8":{"start":{"line":160,"column":16},"end":{"line":163,"column":27}},"9":{"start":{"line":167,"column":8},"end":{"line":169,"column":21}},"10":{"start":{"line":171,"column":8},"end":{"line":173,"column":45}},"11":{"start":{"line":175,"column":8},"end":{"line":175,"column":35}},"12":{"start":{"line":177,"column":4},"end":{"line":555,"column":5}},"13":{"start":{"line":184,"column":8},"end":{"line":245,"column":10},"skip":true},"14":{"start":{"line":185,"column":12},"end":{"line":203,"column":13},"skip":true},"15":{"start":{"line":191,"column":16},"end":{"line":202,"column":19},"skip":true},"16":{"start":{"line":194,"column":20},"end":{"line":201,"column":21},"skip":true},"17":{"start":{"line":197,"column":24},"end":{"line":197,"column":43},"skip":true},"18":{"start":{"line":198,"column":24},"end":{"line":198,"column":30},"skip":true},"19":{"start":{"line":200,"column":24},"end":{"line":200,"column":49},"skip":true},"20":{"start":{"line":204,"column":12},"end":{"line":231,"column":13},"skip":true},"21":{"start":{"line":207,"column":16},"end":{"line":216,"column":17},"skip":true},"22":{"start":{"line":208,"column":20},"end":{"line":208,"column":88},"skip":true},"23":{"start":{"line":209,"column":20},"end":{"line":209,"column":97},"skip":true},"24":{"start":{"line":210,"column":20},"end":{"line":210,"column":42},"skip":true},"25":{"start":{"line":211,"column":20},"end":{"line":211,"column":48},"skip":true},"26":{"start":{"line":214,"column":20},"end":{"line":214,"column":86},"skip":true},"27":{"start":{"line":215,"column":20},"end":{"line":215,"column":96},"skip":true},"28":{"start":{"line":217,"column":16},"end":{"line":217,"column":22},"skip":true},"29":{"start":{"line":221,"column":16},"end":{"line":229,"column":19},"skip":true},"30":{"start":{"line":225,"column":20},"end":{"line":227,"column":33},"skip":true},"31":{"start":{"line":228,"column":20},"end":{"line":228,"column":77},"skip":true},"32":{"start":{"line":230,"column":16},"end":{"line":230,"column":22},"skip":true},"33":{"start":{"line":232,"column":12},"end":{"line":244,"column":13},"skip":true},"34":{"start":{"line":238,"column":16},"end":{"line":243,"column":17},"skip":true},"35":{"start":{"line":240,"column":20},"end":{"line":240,"column":78},"skip":true},"36":{"start":{"line":242,"column":20},"end":{"line":242,"column":47},"skip":true},"37":{"start":{"line":247,"column":8},"end":{"line":265,"column":11},"skip":true},"38":{"start":{"line":248,"column":12},"end":{"line":248,"column":54},"skip":true},"39":{"start":{"line":249,"column":12},"end":{"line":264,"column":14},"skip":true},"40":{"start":{"line":250,"column":16},"end":{"line":250,"column":28},"skip":true},"41":{"start":{"line":251,"column":16},"end":{"line":251,"column":69},"skip":true},"42":{"start":{"line":252,"column":16},"end":{"line":252,"column":75},"skip":true},"43":{"start":{"line":253,"column":16},"end":{"line":255,"column":17},"skip":true},"44":{"start":{"line":254,"column":20},"end":{"line":254,"column":27},"skip":true},"45":{"start":{"line":257,"column":16},"end":{"line":261,"column":36},"skip":true},"46":{"start":{"line":258,"column":20},"end":{"line":260,"column":55},"skip":true},"47":{"start":{"line":263,"column":16},"end":{"line":263,"column":57},"skip":true},"48":{"start":{"line":267,"column":8},"end":{"line":271,"column":11},"skip":true},"49":{"start":{"line":268,"column":12},"end":{"line":270,"column":15},"skip":true},"50":{"start":{"line":269,"column":16},"end":{"line":269,"column":70},"skip":true},"51":{"start":{"line":273,"column":8},"end":{"line":273,"column":31},"skip":true},"52":{"start":{"line":274,"column":8},"end":{"line":274,"column":14},"skip":true},"53":{"start":{"line":282,"column":8},"end":{"line":282,"column":31},"skip":true},"54":{"start":{"line":284,"column":8},"end":{"line":288,"column":11},"skip":true},"55":{"start":{"line":285,"column":12},"end":{"line":287,"column":13},"skip":true},"56":{"start":{"line":286,"column":16},"end":{"line":286,"column":42},"skip":true},"57":{"start":{"line":290,"column":8},"end":{"line":290,"column":50},"skip":true},"58":{"start":{"line":292,"column":8},"end":{"line":481,"column":2},"skip":true},"59":{"start":{"line":483,"column":8},"end":{"line":497,"column":11},"skip":true},"60":{"start":{"line":489,"column":12},"end":{"line":489,"column":30},"skip":true},"61":{"start":{"line":490,"column":12},"end":{"line":490,"column":66},"skip":true},"62":{"start":{"line":491,"column":12},"end":{"line":496,"column":13},"skip":true},"63":{"start":{"line":492,"column":16},"end":{"line":495,"column":18},"skip":true},"64":{"start":{"line":498,"column":8},"end":{"line":516,"column":15},"skip":true},"65":{"start":{"line":503,"column":16},"end":{"line":503,"column":31},"skip":true},"66":{"start":{"line":504,"column":16},"end":{"line":515,"column":17},"skip":true},"67":{"start":{"line":506,"column":20},"end":{"line":506,"column":60},"skip":true},"68":{"start":{"line":508,"column":20},"end":{"line":508,"column":51},"skip":true},"69":{"start":{"line":510,"column":20},"end":{"line":510,"column":46},"skip":true},"70":{"start":{"line":512,"column":20},"end":{"line":512,"column":35},"skip":true},"71":{"start":{"line":514,"column":20},"end":{"line":514,"column":34},"skip":true},"72":{"start":{"line":518,"column":8},"end":{"line":520,"column":9},"skip":true},"73":{"start":{"line":519,"column":12},"end":{"line":519,"column":18},"skip":true},"74":{"start":{"line":521,"column":8},"end":{"line":523,"column":54},"skip":true},"75":{"start":{"line":526,"column":8},"end":{"line":531,"column":37},"skip":true},"76":{"start":{"line":533,"column":8},"end":{"line":533,"column":82},"skip":true},"77":{"start":{"line":536,"column":8},"end":{"line":538,"column":9},"skip":true},"78":{"start":{"line":537,"column":12},"end":{"line":537,"column":82},"skip":true},"79":{"start":{"line":540,"column":8},"end":{"line":542,"column":9},"skip":true},"80":{"start":{"line":541,"column":12},"end":{"line":541,"column":18},"skip":true},"81":{"start":{"line":543,"column":8},"end":{"line":543,"column":54},"skip":true},"82":{"start":{"line":544,"column":8},"end":{"line":544,"column":69},"skip":true},"83":{"start":{"line":545,"column":8},"end":{"line":553,"column":36},"skip":true},"84":{"start":{"line":546,"column":12},"end":{"line":546,"column":61},"skip":true},"85":{"start":{"line":547,"column":12},"end":{"line":550,"column":13},"skip":true},"86":{"start":{"line":548,"column":16},"end":{"line":548,"column":75},"skip":true},"87":{"start":{"line":549,"column":16},"end":{"line":549,"column":23},"skip":true},"88":{"start":{"line":551,"column":12},"end":{"line":551,"column":38},"skip":true},"89":{"start":{"line":552,"column":12},"end":{"line":552,"column":27},"skip":true},"90":{"start":{"line":554,"column":8},"end":{"line":554,"column":14},"skip":true}},"branchMap":{"1":{"line":155,"type":"binary-expr","locations":[{"start":{"line":155,"column":23},"end":{"line":155,"column":62}},{"start":{"line":156,"column":20},"end":{"line":156,"column":70}},{"start":{"line":157,"column":20},"end":{"line":157,"column":71}},{"start":{"line":158,"column":20},"end":{"line":158,"column":29}}]},"2":{"line":160,"type":"binary-expr","locations":[{"start":{"line":160,"column":23},"end":{"line":160,"column":37}},{"start":{"line":161,"column":20},"end":{"line":161,"column":61}},{"start":{"line":162,"column":20},"end":{"line":162,"column":70}},{"start":{"line":163,"column":20},"end":{"line":163,"column":26}}]},"3":{"line":167,"type":"cond-expr","locations":[{"start":{"line":168,"column":14},"end":{"line":168,"column":20}},{"start":{"line":169,"column":14},"end":{"line":169,"column":20}}]},"4":{"line":171,"type":"binary-expr","locations":[{"start":{"line":171,"column":16},"end":{"line":171,"column":44}},{"start":{"line":171,"column":49},"end":{"line":173,"column":43}}]},"5":{"line":171,"type":"cond-expr","locations":[{"start":{"line":172,"column":14},"end":{"line":172,"column":52}},{"start":{"line":173,"column":14},"end":{"line":173,"column":43}}]},"6":{"line":177,"type":"switch","locations":[{"start":{"line":183,"column":4},"end":{"line":274,"column":14},"skip":true},{"start":{"line":280,"column":4},"end":{"line":554,"column":14},"skip":true}]},"7":{"line":185,"type":"if","locations":[{"start":{"line":185,"column":12},"end":{"line":185,"column":12},"skip":true},{"start":{"line":185,"column":12},"end":{"line":185,"column":12},"skip":true}]},"8":{"line":185,"type":"binary-expr","locations":[{"start":{"line":185,"column":16},"end":{"line":185,"column":22},"skip":true},{"start":{"line":185,"column":27},"end":{"line":185,"column":32},"skip":true},{"start":{"line":186,"column":20},"end":{"line":186,"column":39},"skip":true},{"start":{"line":187,"column":20},"end":{"line":187,"column":49},"skip":true},{"start":{"line":188,"column":20},"end":{"line":188,"column":58},"skip":true},{"start":{"line":189,"column":20},"end":{"line":189,"column":69},"skip":true}]},"9":{"line":194,"type":"switch","locations":[{"start":{"line":195,"column":20},"end":{"line":195,"column":33},"skip":true},{"start":{"line":196,"column":20},"end":{"line":198,"column":30},"skip":true},{"start":{"line":199,"column":20},"end":{"line":200,"column":49},"skip":true}]},"10":{"line":204,"type":"switch","locations":[{"start":{"line":205,"column":12},"end":{"line":217,"column":22},"skip":true},{"start":{"line":219,"column":12},"end":{"line":230,"column":22},"skip":true}]},"11":{"line":204,"type":"binary-expr","locations":[{"start":{"line":204,"column":20},"end":{"line":204,"column":25},"skip":true},{"start":{"line":204,"column":29},"end":{"line":204,"column":48},"skip":true},{"start":{"line":204,"column":52},"end":{"line":204,"column":74},"skip":true}]},"12":{"line":207,"type":"if","locations":[{"start":{"line":207,"column":16},"end":{"line":207,"column":16},"skip":true},{"start":{"line":207,"column":16},"end":{"line":207,"column":16},"skip":true}]},"13":{"line":225,"type":"cond-expr","locations":[{"start":{"line":226,"column":26},"end":{"line":226,"column":32},"skip":true},{"start":{"line":227,"column":26},"end":{"line":227,"column":32},"skip":true}]},"14":{"line":232,"type":"if","locations":[{"start":{"line":232,"column":12},"end":{"line":232,"column":12},"skip":true},{"start":{"line":232,"column":12},"end":{"line":232,"column":12},"skip":true}]},"15":{"line":232,"type":"binary-expr","locations":[{"start":{"line":232,"column":16},"end":{"line":232,"column":61},"skip":true},{"start":{"line":232,"column":66},"end":{"line":232,"column":72},"skip":true},{"start":{"line":232,"column":77},"end":{"line":232,"column":82},"skip":true},{"start":{"line":233,"column":20},"end":{"line":233,"column":39},"skip":true},{"start":{"line":234,"column":20},"end":{"line":234,"column":49},"skip":true},{"start":{"line":235,"column":20},"end":{"line":235,"column":58},"skip":true},{"start":{"line":236,"column":20},"end":{"line":236,"column":68},"skip":true}]},"16":{"line":253,"type":"if","locations":[{"start":{"line":253,"column":16},"end":{"line":253,"column":16},"skip":true},{"start":{"line":253,"column":16},"end":{"line":253,"column":16},"skip":true}]},"17":{"line":258,"type":"cond-expr","locations":[{"start":{"line":259,"column":26},"end":{"line":259,"column":29},"skip":true},{"start":{"line":260,"column":26},"end":{"line":260,"column":54},"skip":true}]},"18":{"line":285,"type":"if","locations":[{"start":{"line":285,"column":12},"end":{"line":285,"column":12},"skip":true},{"start":{"line":285,"column":12},"end":{"line":285,"column":12},"skip":true}]},"19":{"line":285,"type":"binary-expr","locations":[{"start":{"line":285,"column":16},"end":{"line":285,"column":27},"skip":true},{"start":{"line":285,"column":31},"end":{"line":285,"column":57},"skip":true}]},"20":{"line":290,"type":"binary-expr","locations":[{"start":{"line":290,"column":27},"end":{"line":290,"column":43},"skip":true},{"start":{"line":290,"column":47},"end":{"line":290,"column":49},"skip":true}]},"21":{"line":490,"type":"binary-expr","locations":[{"start":{"line":490,"column":37},"end":{"line":490,"column":59},"skip":true},{"start":{"line":490,"column":63},"end":{"line":490,"column":65},"skip":true}]},"22":{"line":491,"type":"if","locations":[{"start":{"line":491,"column":12},"end":{"line":491,"column":12},"skip":true},{"start":{"line":491,"column":12},"end":{"line":491,"column":12},"skip":true}]},"23":{"line":504,"type":"switch","locations":[{"start":{"line":505,"column":16},"end":{"line":506,"column":60},"skip":true},{"start":{"line":507,"column":16},"end":{"line":508,"column":51},"skip":true},{"start":{"line":509,"column":16},"end":{"line":510,"column":46},"skip":true},{"start":{"line":511,"column":16},"end":{"line":512,"column":35},"skip":true},{"start":{"line":513,"column":16},"end":{"line":514,"column":34},"skip":true}]},"24":{"line":518,"type":"if","locations":[{"start":{"line":518,"column":8},"end":{"line":518,"column":8},"skip":true},{"start":{"line":518,"column":8},"end":{"line":518,"column":8},"skip":true}]},"25":{"line":518,"type":"binary-expr","locations":[{"start":{"line":518,"column":12},"end":{"line":518,"column":35},"skip":true},{"start":{"line":518,"column":39},"end":{"line":518,"column":67},"skip":true}]},"26":{"line":522,"type":"binary-expr","locations":[{"start":{"line":522,"column":12},"end":{"line":522,"column":50},"skip":true},{"start":{"line":523,"column":12},"end":{"line":523,"column":53},"skip":true}]},"27":{"line":527,"type":"binary-expr","locations":[{"start":{"line":527,"column":12},"end":{"line":527,"column":59},"skip":true},{"start":{"line":528,"column":12},"end":{"line":531,"column":36},"skip":true}]},"28":{"line":533,"type":"binary-expr","locations":[{"start":{"line":533,"column":43},"end":{"line":533,"column":75},"skip":true},{"start":{"line":533,"column":79},"end":{"line":533,"column":81},"skip":true}]},"29":{"line":536,"type":"if","locations":[{"start":{"line":536,"column":8},"end":{"line":536,"column":8},"skip":true},{"start":{"line":536,"column":8},"end":{"line":536,"column":8},"skip":true}]},"30":{"line":540,"type":"if","locations":[{"start":{"line":540,"column":8},"end":{"line":540,"column":8},"skip":true},{"start":{"line":540,"column":8},"end":{"line":540,"column":8},"skip":true}]},"31":{"line":543,"type":"binary-expr","locations":[{"start":{"line":543,"column":27},"end":{"line":543,"column":43},"skip":true},{"start":{"line":543,"column":47},"end":{"line":543,"column":53},"skip":true}]},"32":{"line":547,"type":"if","locations":[{"start":{"line":547,"column":12},"end":{"line":547,"column":12},"skip":true},{"start":{"line":547,"column":12},"end":{"line":547,"column":12},"skip":true}]}},"code":["","","","","","","","","","","","","","","","","","","","","","","","","","","","","","","","","","","","","","","","","","","","","","","","","","","","","","","","","","","","","","","","","","","","","","","","","","","","","","","","","","","","","","","","","","","","","","","","","","","","","","","","","","","","","","","","","","","","/*","example.js","","this script will run a web-demo of swagger-validate-lite","","instruction","    1. save this script as example.js","    2. run the shell command:","        $ npm install swagger-validate-lite && PORT=8081 node example.js","    3. open a browser to http://127.0.0.1:8081 and play with the web-demo","    4. edit this script to suit your needs","*/","","","","/* istanbul instrument in package swagger_validate */","/*jslint","    bitwise: true,","    browser: true,","    maxerr: 8,","    maxlen: 100,","    node: true,","    nomen: true,","    regexp: true,","    stupid: true","*/","(function () {","    'use strict';","    var local;","","","","    // run shared js-env code - init-before","    (function () {","        // init local","        local = {};","        // init modeJs","        local.modeJs = (function () {","            try {","                return typeof navigator.userAgent === 'string' &&","                    typeof document.querySelector('body') === 'object' &&","                    typeof XMLHttpRequest.prototype.open === 'function' &&","                    'browser';","            } catch (errorCaughtBrowser) {","                return module.exports &&","                    typeof process.versions.node === 'string' &&","                    typeof require('http').createServer === 'function' &&","                    'node';","            }","        }());","        // init global","        local.global = local.modeJs === 'browser'","            ? window","            : global;","        // init utility2_rollup","        local = local.global.utility2_rollup || (local.modeJs === 'browser'","            ? local.global.utility2_swagger_validate","            : global.utility2_moduleExports);","        // init exports","        local.global.local = local;","    }());","    switch (local.modeJs) {","","","","    // run browser js-env code - init-test","    /* istanbul ignore next */","    case 'browser':","        local.testRunBrowser = function (event) {","            if (!event || (event &&","                    event.currentTarget &&","                    event.currentTarget.className &&","                    event.currentTarget.className.includes &&","                    event.currentTarget.className.includes('onreset'))) {","                // reset output","                Array.from(","                    document.querySelectorAll('body > .resettable')","                ).forEach(function (element) {","                    switch (element.tagName) {","                    case 'INPUT':","                    case 'TEXTAREA':","                        element.value = '';","                        break;","                    default:","                        element.textContent = '';","                    }","                });","            }","            switch (event && event.currentTarget && event.currentTarget.id) {","            case 'testRunButton1':","                // show tests","                if (document.querySelector('#testReportDiv1').style.maxHeight === '0px') {","                    local.uiAnimateSlideDown(document.querySelector('#testReportDiv1'));","                    document.querySelector('#testRunButton1').textContent = 'hide internal test';","                    local.modeTest = true;","                    local.testRunDefault(local);","                // hide tests","                } else {","                    local.uiAnimateSlideUp(document.querySelector('#testReportDiv1'));","                    document.querySelector('#testRunButton1').textContent = 'run internal test';","                }","                break;","            // custom-case","            default:","                // validate #inputTextarea1","                local.swagger_validate.swaggerValidateFile({","                    data: document.querySelector('#inputTextarea1').value,","                    file: 'inputTextarea1.json'","                }, function (error, data) {","                    document.querySelector('#outputPre1').style.color = error","                        ? '#d00'","                        : '#090';","                    document.querySelector('#outputPre1').textContent = data;","                });","                break;","            }","            if (document.querySelector('#inputTextareaEval1') && (!event || (event &&","                    event.currentTarget &&","                    event.currentTarget.className &&","                    event.currentTarget.className.includes &&","                    event.currentTarget.className.includes('oneval')))) {","                // try to eval input-code","                try {","                    /*jslint evil: true*/","                    eval(document.querySelector('#inputTextareaEval1').value);","                } catch (errorCaught) {","                    console.error(errorCaught);","                }","            }","        };","        // log stderr and stdout to #outputTextareaStdout1","        ['error', 'log'].forEach(function (key) {","            console[key + '_original'] = console[key];","            console[key] = function () {","                var element;","                console[key + '_original'].apply(console, arguments);","                element = document.querySelector('#outputTextareaStdout1');","                if (!element) {","                    return;","                }","                // append text to #outputTextareaStdout1","                element.value += Array.from(arguments).map(function (arg) {","                    return typeof arg === 'string'","                        ? arg","                        : JSON.stringify(arg, null, 4);","                }).join(' ') + '\\n';","                // scroll textarea to bottom","                element.scrollTop = element.scrollHeight;","            };","        });","        // init event-handling","        ['change', 'click', 'keyup'].forEach(function (event) {","            Array.from(document.querySelectorAll('.on' + event)).forEach(function (element) {","                element.addEventListener(event, local.testRunBrowser);","            });","        });","        // run tests","        local.testRunBrowser();","        break;","","","","    // run node js-env code - init-test","    /* istanbul ignore next */","    case 'node':","        // init exports","        module.exports = local;","        // require builtins","        Object.keys(process.binding('natives')).forEach(function (key) {","            if (!local[key] && !(/\\/|^_|^sys$/).test(key)) {","                local[key] = require(key);","            }","        });","        // init assets","        local.assetsDict = local.assetsDict || {};","        /* jslint-ignore-begin */","        local.assetsDict['/assets.index.template.html'] = '\\","<!doctype html>\\n\\","<html lang=\"en\">\\n\\","<head>\\n\\","<meta charset=\"UTF-8\">\\n\\","<meta name=\"viewport\" content=\"width=device-width, initial-scale=1\">\\n\\","<!-- \"assets.index.default.template.html\" -->\\n\\","<title>{{env.npm_package_name}} (v{{env.npm_package_version}})</title>\\n\\","<style>\\n\\","/*csslint\\n\\","    box-sizing: false,\\n\\","    universal-selector: false\\n\\","*/\\n\\","*,\\n\\","*:after,\\n\\","*:before {\\n\\","    box-sizing: border-box;\\n\\","}\\n\\","body {\\n\\","    background: #dde;\\n\\","    font-family: Arial, Helvetica, sans-serif;\\n\\","    margin: 0 40px;\\n\\","}\\n\\","body > a,\\n\\","body > button,\\n\\","body > div,\\n\\","body > input,\\n\\","body > pre,\\n\\","body > select,\\n\\","body > span,\\n\\","body > textarea {\\n\\","    margin-bottom: 20px;\\n\\","}\\n\\","body > button {\\n\\","    width: 20rem;\\n\\","}\\n\\","button {\\n\\","    cursor: pointer;\\n\\","}\\n\\","pre {\\n\\","    overflow-wrap: break-word;\\n\\","    white-space: pre-wrap;\\n\\","}\\n\\","@keyframes uiAnimateShake {\\n\\","    100% {\\n\\","        transform: translateX(0);\\n\\","    }\\n\\","    0%, 20%, 60% {\\n\\","        transform: translateX(10px);\\n\\","    }\\n\\","    40%, 80% {\\n\\","        transform: translateX(-10px);\\n\\","    }\\n\\","}\\n\\",".uiAnimateShake {\\n\\","    animation-duration: 500ms;\\n\\","    animation-name: uiAnimateShake;\\n\\","}\\n\\",".uiAnimateSlide {\\n\\","    overflow-y: hidden;\\n\\","    transition: max-height ease-in 250ms, min-height ease-in 250ms, padding-bottom ease-in 250ms, padding-top ease-in 250ms;\\n\\","}\\n\\","@keyframes uiAnimateSpin {\\n\\","    0% { transform: rotate(0deg); }\\n\\","    100% { transform: rotate(360deg); }\\n\\","}\\n\\",".utility2FooterDiv {\\n\\","    text-align: center;\\n\\","}\\n\\",".zeroPixel {\\n\\","    border: 0;\\n\\","    height: 0;\\n\\","    margin: 0;\\n\\","    padding: 0;\\n\\","    width: 0;\\n\\","}\\n\\","</style>\\n\\","<style>\\n\\","/*csslint\\n\\","*/\\n\\","textarea {\\n\\","    font-family: monospace;\\n\\","    height: 20rem;\\n\\","    width: 100%;\\n\\","}\\n\\","textarea[readonly] {\\n\\","    background: #ddd;\\n\\","}\\n\\","</style>\\n\\","</head>\\n\\","<body>\\n\\","<div id=\"ajaxProgressDiv1\" style=\"background: #d00; height: 2px; left: 0; margin: 0; padding: 0; position: fixed; top: 0; transition: background 500ms, width 1500ms; width: 0%; z-index: 1;\"></div>\\n\\","<div class=\"uiAnimateSpin\" style=\"animation: uiAnimateSpin 2s linear infinite; border: 5px solid #999; border-radius: 50%; border-top: 5px solid #7d7; display: none; height: 25px; vertical-align: middle; width: 25px;\"></div>\\n\\","<script>\\n\\","/*jslint\\n\\","    bitwise: true,\\n\\","    browser: true,\\n\\","    maxerr: 8,\\n\\","    maxlen: 100,\\n\\","    node: true,\\n\\","    nomen: true,\\n\\","    regexp: true,\\n\\","    stupid: true\\n\\","*/\\n\\","(function () {\\n\\","    \"use strict\";\\n\\","    var ajaxProgressDiv1,\\n\\","        ajaxProgressState,\\n\\","        ajaxProgressUpdate,\\n\\","        timerIntervalAjaxProgressUpdate;\\n\\","    ajaxProgressDiv1 = document.querySelector(\"#ajaxProgressDiv1\");\\n\\","    setTimeout(function () {\\n\\","        ajaxProgressDiv1.style.width = \"25%\";\\n\\","    });\\n\\","    ajaxProgressState = 0;\\n\\","    ajaxProgressUpdate = (window.local &&\\n\\","        window.local.ajaxProgressUpdate) || function () {\\n\\","        ajaxProgressDiv1.style.width = \"100%\";\\n\\","        setTimeout(function () {\\n\\","            ajaxProgressDiv1.style.background = \"transparent\";\\n\\","            setTimeout(function () {\\n\\","                ajaxProgressDiv1.style.width = \"0%\";\\n\\","            }, 500);\\n\\","        }, 1500);\\n\\","    };\\n\\","    timerIntervalAjaxProgressUpdate = setInterval(function () {\\n\\","        ajaxProgressState += 1;\\n\\","        ajaxProgressDiv1.style.width = Math.max(\\n\\","            100 - 75 * Math.exp(-0.125 * ajaxProgressState),\\n\\","            Number(ajaxProgressDiv1.style.width.slice(0, -1)) || 0\\n\\","        ) + \"%\";\\n\\","    }, 1000);\\n\\","    window.addEventListener(\"load\", function () {\\n\\","        clearInterval(timerIntervalAjaxProgressUpdate);\\n\\","        ajaxProgressUpdate();\\n\\","    });\\n\\","}());\\n\\","</script>\\n\\","<h1>\\n\\","<!-- utility2-comment\\n\\","    <a\\n\\","        {{#if env.npm_package_homepage}}\\n\\","        href=\"{{env.npm_package_homepage}}\"\\n\\","        {{/if env.npm_package_homepage}}\\n\\","        target=\"_blank\"\\n\\","    >\\n\\","utility2-comment -->\\n\\","        {{env.npm_package_name}} (v{{env.npm_package_version}})\\n\\","<!-- utility2-comment\\n\\","    </a>\\n\\","utility2-comment -->\\n\\","</h1>\\n\\","<h3>{{env.npm_package_description}}</h3>\\n\\","<!-- utility2-comment\\n\\","<h4><a download href=\"assets.app.js\">download standalone app</a></h4>\\n\\","<button class=\"onclick onreset\" id=\"testRunButton1\">run internal test</button><br>\\n\\","<div class=\"uiAnimateSlide\" id=\"testReportDiv1\" style=\"border-bottom: 0; border-top: 0; margin-bottom: 0; margin-top: 0; max-height: 0; padding-bottom: 0; padding-top: 0;\"></div>\\n\\","utility2-comment -->\\n\\","\\n\\","\\n\\","\\n\\","<label>edit or paste swagger.json data below to validate\\n\\","</label>\\n\\","<textarea class=\"oneval onkeyup onreset\" id=\"inputTextarea1\">' +","JSON.stringify(JSON.parse(local.assetsDict['/assets.swgg.swagger.petstore.json']), null, 4) +","'</textarea>\\n\\","<pre id=\"outputPre1\"></pre>\\n\\","<!-- utility2-comment\\n\\","{{#if isRollup}}\\n\\","<script src=\"assets.app.js\"></script>\\n\\","{{#unless isRollup}}\\n\\","utility2-comment -->\\n\\","<script src=\"assets.utility2.rollup.js\"></script>\\n\\","<script>window.utility2.onResetBefore.counter += 1;</script>\\n\\","<script src=\"jsonp.utility2.stateInit?callback=window.utility2.stateInit\"></script>\\n\\","<script src=\"assets.swagger_validate.js\"></script>\\n\\","<script src=\"assets.example.js\"></script>\\n\\","<script src=\"assets.test.js\"></script>\\n\\","<script>window.utility2.onResetBefore();</script>\\n\\","<!-- utility2-comment\\n\\","{{/if isRollup}}\\n\\","utility2-comment -->\\n\\","<div class=\"utility2FooterDiv\">\\n\\","    [ this app was created with\\n\\","    <a href=\"https://github.com/kaizhu256/node-utility2\" target=\"_blank\">utility2</a>\\n\\","    ]\\n\\","</div>\\n\\","</body>\\n\\","</html>\\n\\","';","        /* jslint-ignore-end */","        [","            'assets.index.css',","            'assets.index.template.html',","            'assets.swgg.swagger.json',","            'assets.swgg.swagger.server.json'","        ].forEach(function (file) {","            file = '/' + file;","            local.assetsDict[file] = local.assetsDict[file] || '';","            if (local.fs.existsSync(local.__dirname + file)) {","                local.assetsDict[file] = local.fs.readFileSync(","                    local.__dirname + file,","                    'utf8'","                );","            }","        });","        local.assetsDict['/'] =","            local.assetsDict['/assets.example.html'] =","            local.assetsDict['/assets.index.template.html']","            .replace((/\\{\\{env\\.(\\w+?)\\}\\}/g), function (match0, match1) {","                // jslint-hack","                String(match0);","                switch (match1) {","                case 'npm_package_description':","                    return 'the greatest app in the world!';","                case 'npm_package_name':","                    return 'swagger-validate-lite';","                case 'npm_package_nameLib':","                    return 'swagger_validate';","                case 'npm_package_version':","                    return '0.0.1';","                default:","                    return match0;","                }","            });","        // init cli","        if (module !== require.main || local.global.utility2_rollup) {","            break;","        }","        local.assetsDict['/assets.example.js'] =","            local.assetsDict['/assets.example.js'] ||","            local.fs.readFileSync(__filename, 'utf8');","        // bug-workaround - long $npm_package_buildCustomOrg","        /* jslint-ignore-begin */","        local.assetsDict['/assets.swagger_validate.js'] =","            local.assetsDict['/assets.swagger_validate.js'] ||","            local.fs.readFileSync(","                local.__dirname + '/lib.swagger_validate.js',","                'utf8'","            ).replace((/^#!/), '//');","        /* jslint-ignore-end */","        local.assetsDict['/favicon.ico'] = local.assetsDict['/favicon.ico'] || '';","        // if $npm_config_timeout_exit exists,","        // then exit this process after $npm_config_timeout_exit ms","        if (Number(process.env.npm_config_timeout_exit)) {","            setTimeout(process.exit, Number(process.env.npm_config_timeout_exit));","        }","        // start server","        if (local.global.utility2_serverHttp1) {","            break;","        }","        process.env.PORT = process.env.PORT || '8081';","        console.error('server starting on port ' + process.env.PORT);","        local.http.createServer(function (request, response) {","            request.urlParsed = local.url.parse(request.url);","            if (local.assetsDict[request.urlParsed.pathname] !== undefined) {","                response.end(local.assetsDict[request.urlParsed.pathname]);","                return;","            }","            response.statusCode = 404;","            response.end();","        }).listen(process.env.PORT);","        break;","    }","}());"],"l":{"142":2,"144":2,"149":2,"151":2,"153":2,"154":2,"155":2,"160":1,"167":2,"171":2,"175":2,"177":2,"184":1,"185":2,"191":2,"194":1,"197":1,"198":1,"200":1,"204":2,"207":1,"208":1,"209":1,"210":1,"211":1,"214":1,"215":1,"217":1,"221":1,"225":1,"228":1,"230":1,"232":2,"238":1,"240":1,"242":1,"247":1,"248":2,"249":2,"250":10,"251":10,"252":10,"253":10,"254":10,"257":1,"258":1,"263":1,"267":1,"268":3,"269":2,"273":1,"274":1,"282":1,"284":1,"285":83,"286":1,"290":1,"292":1,"483":1,"489":4,"490":4,"491":4,"492":1,"498":1,"503":6,"504":6,"506":1,"508":2,"510":1,"512":2,"514":1,"518":1,"519":1,"521":1,"526":1,"533":1,"536":1,"537":1,"540":1,"541":1,"543":1,"544":1,"545":1,"546":1,"547":1,"548":1,"549":1,"551":1,"552":1,"554":1}}}